#
# There is insufficient memory for the Java Runtime Environment to continue.
# Native memory allocation (malloc) failed to allocate 1099216 bytes for Chunk::new
# Possible reasons:
#   The system is out of physical RAM or swap space
#   The process is running with CompressedOops enabled, and the Java Heap may be blocking the growth of the native heap
# Possible solutions:
#   Reduce memory load on the system
#   Increase physical memory or swap space
#   Check if swap backing store is full
#   Decrease Java heap size (-Xmx/-Xms)
#   Decrease number of Java threads
#   Decrease Java thread stack sizes (-Xss)
#   Set larger code cache with -XX:ReservedCodeCacheSize=
#   JVM is running with Unscaled Compressed Oops mode in which the Java heap is
#     placed in the first 4GB address space. The Java Heap base address is the
#     maximum limit for the native heap growth. Please use -XX:HeapBaseMinAddress
#     to set the Java Heap base and to place the Java Heap above 4GB virtual address.
# This output file may be truncated or incomplete.
#
#  Out of Memory Error (./src/hotspot/share/memory/arena.cpp:197), pid=15100, tid=9396
#
# JRE version: OpenJDK Runtime Environment (11.0.12+7) (build 11.0.12+7-b1504.28-7817840)
# Java VM: OpenJDK 64-Bit Server VM (11.0.12+7-b1504.28-7817840, mixed mode, tiered, compressed oops, g1 gc, windows-amd64)
# No core dump will be written. Minidumps are not enabled by default on client versions of Windows
#

---------------  S U M M A R Y ------------

Command Line: --add-opens=java.base/java.util=ALL-UNNAMED --add-opens=java.base/java.lang=ALL-UNNAMED --add-opens=java.base/java.lang.invoke=ALL-UNNAMED --add-opens=java.base/java.util=ALL-UNNAMED --add-opens=java.prefs/java.util.prefs=ALL-UNNAMED --add-opens=java.prefs/java.util.prefs=ALL-UNNAMED --add-opens=java.base/java.nio.charset=ALL-UNNAMED --add-opens=java.base/java.net=ALL-UNNAMED --add-opens=java.base/java.util.concurrent.atomic=ALL-UNNAMED -Xmx2048m -Dfile.encoding=UTF-8 -Duser.country=MX -Duser.language=es -Duser.variant org.gradle.launcher.daemon.bootstrap.GradleDaemon 7.3.3

Host: Intel(R) Celeron(R) N4000 CPU @ 1.10GHz, 2 cores, 3G,  Windows 10 , 64 bit Build 19041 (10.0.19041.2364)
Time: Sun Jan 29 20:53:23 2023 Hora estándar romance elapsed time: 1909.757420 seconds (0d 0h 31m 49s)

---------------  T H R E A D  ---------------

Current thread (0x000002047eba3000):  JavaThread "C2 CompilerThread0" daemon [_thread_in_native, id=9396, stack(0x0000001430200000,0x0000001430300000)]


Current CompileTask:
C2:1909789 22918       4       com.android.tools.r8.ir.regalloc.b::i (614 bytes)

Stack: [0x0000001430200000,0x0000001430300000]
Native frames: (J=compiled Java code, j=interpreted, Vv=VM code, C=native code)
V  [jvm.dll+0x5fbcea]
V  [jvm.dll+0x731905]
V  [jvm.dll+0x732f1d]
V  [jvm.dll+0x7335d3]
V  [jvm.dll+0x247bf8]
V  [jvm.dll+0xc018c]
V  [jvm.dll+0xc06cc]
V  [jvm.dll+0x2bcc04]
V  [jvm.dll+0x5113a8]
V  [jvm.dll+0x201b42]
V  [jvm.dll+0x1ff71f]
V  [jvm.dll+0x18868c]
V  [jvm.dll+0x20e0d7]
V  [jvm.dll+0x20c901]
V  [jvm.dll+0x6f9b7f]
V  [jvm.dll+0x6f26a5]
V  [jvm.dll+0x5fabf6]
C  [ucrtbase.dll+0x21bb2]
C  [KERNEL32.DLL+0x17614]
C  [ntdll.dll+0x526a1]


---------------  P R O C E S S  ---------------

Threads class SMR info:
_java_thread_list=0x000002040c29e750, length=64, elements={
0x000002046949c800, 0x000002047eb3f000, 0x000002047eb43000, 0x000002047eb9b800,
0x000002047eb9c800, 0x000002047eb9e000, 0x000002047eba3000, 0x000002047ebcd800,
0x000002047f52d000, 0x000002047f619000, 0x000002040531d800, 0x00000204056a4000,
0x000002047f7d6800, 0x000002047f833800, 0x000002047f832000, 0x000002047f833000,
0x0000020404a1a800, 0x0000020404a1b800, 0x0000020404a1c800, 0x0000020404a1d000,
0x0000020404a1e000, 0x0000020404cad800, 0x000002047f6ec800, 0x000002047f6ed000,
0x000002047f6e5000, 0x000002047f6e9000, 0x000002047f6ea000, 0x000002047f6e8800,
0x000002047f6e4800, 0x000002047f6eb000, 0x000002047f6e6000, 0x000002047f6e6800,
0x000002047f6e7800, 0x000002047f6f1800, 0x000002047f6ef000, 0x000002047f6ef800,
0x000002047f6f0800, 0x000002047f6f2000, 0x000002047f6ee000, 0x000002047f6f3000,
0x0000020404cb0800, 0x0000020404cae800, 0x0000020404cb1800, 0x0000020404caf000,
0x0000020404cac000, 0x0000020404cb4000, 0x0000020404cb5000, 0x0000020404cb5800,
0x0000020404cb6800, 0x0000020404cb7800, 0x0000020404cb8000, 0x0000020404cb2800,
0x0000020404cb9000, 0x0000020404cb3000, 0x0000020404cba800, 0x0000020404cb9800,
0x0000020404a17800, 0x0000020404a1a000, 0x0000020404a18800, 0x0000020404a19000,
0x000002047f834800, 0x000002040e692800, 0x000002040e68f800, 0x000002040e68e800
}

Java Threads: ( => current thread )
  0x000002046949c800 JavaThread "main" [_thread_blocked, id=13016, stack(0x000000142f600000,0x000000142f700000)]
  0x000002047eb3f000 JavaThread "Reference Handler" daemon [_thread_blocked, id=10320, stack(0x000000142fd00000,0x000000142fe00000)]
  0x000002047eb43000 JavaThread "Finalizer" daemon [_thread_blocked, id=6648, stack(0x000000142fe00000,0x000000142ff00000)]
  0x000002047eb9b800 JavaThread "Signal Dispatcher" daemon [_thread_blocked, id=12908, stack(0x000000142ff00000,0x0000001430000000)]
  0x000002047eb9c800 JavaThread "Attach Listener" daemon [_thread_blocked, id=11388, stack(0x0000001430000000,0x0000001430100000)]
  0x000002047eb9e000 JavaThread "Service Thread" daemon [_thread_blocked, id=16628, stack(0x0000001430100000,0x0000001430200000)]
=>0x000002047eba3000 JavaThread "C2 CompilerThread0" daemon [_thread_in_native, id=9396, stack(0x0000001430200000,0x0000001430300000)]
  0x000002047ebcd800 JavaThread "C1 CompilerThread0" daemon [_thread_blocked, id=12200, stack(0x0000001430300000,0x0000001430400000)]
  0x000002047f52d000 JavaThread "Sweeper thread" daemon [_thread_blocked, id=6132, stack(0x0000001430400000,0x0000001430500000)]
  0x000002047f619000 JavaThread "Common-Cleaner" daemon [_thread_blocked, id=17708, stack(0x0000001430500000,0x0000001430600000)]
  0x000002040531d800 JavaThread "Daemon health stats" [_thread_blocked, id=15668, stack(0x0000001430800000,0x0000001430900000)]
  0x00000204056a4000 JavaThread "Incoming local TCP Connector on port 58059" [_thread_in_native, id=2972, stack(0x0000001430900000,0x0000001430a00000)]
  0x000002047f7d6800 JavaThread "Daemon periodic checks" [_thread_blocked, id=8508, stack(0x0000001430a00000,0x0000001430b00000)]
  0x000002047f833800 JavaThread "Cache worker for journal cache (C:\Users\paolo\.gradle\caches\journal-1)" [_thread_blocked, id=18828, stack(0x0000001431200000,0x0000001431300000)]
  0x000002047f832000 JavaThread "File lock request listener" [_thread_in_native, id=9536, stack(0x0000001431300000,0x0000001431400000)]
  0x000002047f833000 JavaThread "Cache worker for file hash cache (C:\Users\paolo\.gradle\caches\7.3.3\fileHashes)" [_thread_blocked, id=11844, stack(0x0000001431400000,0x0000001431500000)]
  0x0000020404a1a800 JavaThread "File watcher server" daemon [_thread_blocked, id=6092, stack(0x0000001431600000,0x0000001431700000)]
  0x0000020404a1b800 JavaThread "File watcher consumer" daemon [_thread_blocked, id=5096, stack(0x0000001431700000,0x0000001431800000)]
  0x0000020404a1c800 JavaThread "jar transforms" [_thread_blocked, id=12276, stack(0x0000001431800000,0x0000001431900000)]
  0x0000020404a1d000 JavaThread "jar transforms Thread 2" [_thread_blocked, id=11156, stack(0x0000001431900000,0x0000001431a00000)]
  0x0000020404a1e000 JavaThread "Cache worker for execution history cache (C:\Users\paolo\.gradle\caches\7.3.3\executionHistory)" [_thread_blocked, id=13356, stack(0x0000001431d00000,0x0000001431e00000)]
  0x0000020404cad800 JavaThread "Cache worker for file content cache (C:\Users\paolo\.gradle\caches\7.3.3\fileContent)" [_thread_blocked, id=19208, stack(0x0000001431e00000,0x0000001431f00000)]
  0x000002047f6ec800 JavaThread "Memory manager" [_thread_blocked, id=9968, stack(0x000000142f300000,0x000000142f400000)]
  0x000002047f6ed000 JavaThread "pool-3-thread-1" [_thread_blocked, id=16132, stack(0x000000142f500000,0x000000142f600000)]
  0x000002047f6e5000 JavaThread "Daemon Thread 2" [_thread_blocked, id=7104, stack(0x0000001430b00000,0x0000001430c00000)]
  0x000002047f6e9000 JavaThread "Handler for socket connection from /127.0.0.1:58059 to /127.0.0.1:59777" [_thread_in_native, id=6108, stack(0x0000001430c00000,0x0000001430d00000)]
  0x000002047f6ea000 JavaThread "Cancel handler" [_thread_blocked, id=13728, stack(0x0000001430d00000,0x0000001430e00000)]
  0x000002047f6e8800 JavaThread "Daemon worker Thread 2" [_thread_blocked, id=14548, stack(0x0000001430e00000,0x0000001430f00000)]
  0x000002047f6e4800 JavaThread "Asynchronous log dispatcher for DefaultDaemonConnection: socket connection from /127.0.0.1:58059 to /127.0.0.1:59777" [_thread_blocked, id=2760, stack(0x0000001430f00000,0x0000001431000000)]
  0x000002047f6eb000 JavaThread "Daemon client event forwarder" [_thread_blocked, id=17760, stack(0x0000001431100000,0x0000001431200000)]
  0x000002047f6e6000 JavaThread "Cache worker for file hash cache (C:\Users\paolo\AndroidStudioProjects\trabajoFinal\.gradle\7.3.3\fileHashes)" [_thread_blocked, id=3444, stack(0x0000001431500000,0x0000001431600000)]
  0x000002047f6e6800 JavaThread "Cache worker for checksums cache (C:\Users\paolo\AndroidStudioProjects\trabajoFinal\.gradle\7.3.3\checksums)" [_thread_blocked, id=18624, stack(0x0000001431a00000,0x0000001431b00000)]
  0x000002047f6e7800 JavaThread "Cache worker for cache directory md-supplier (C:\Users\paolo\.gradle\caches\7.3.3\md-supplier)" [_thread_blocked, id=1352, stack(0x0000001431b00000,0x0000001431c00000)]
  0x000002047f6f1800 JavaThread "Cache worker for cache directory md-rule (C:\Users\paolo\.gradle\caches\7.3.3\md-rule)" [_thread_blocked, id=4420, stack(0x0000001431c00000,0x0000001431d00000)]
  0x000002047f6ef000 JavaThread "Cache worker for dependencies-accessors (C:\Users\paolo\AndroidStudioProjects\trabajoFinal\.gradle\7.3.3\dependencies-accessors)" [_thread_blocked, id=9500, stack(0x0000001431f00000,0x0000001432000000)]
  0x000002047f6ef800 JavaThread "Cache worker for Build Output Cleanup Cache (C:\Users\paolo\AndroidStudioProjects\trabajoFinal\.gradle\buildOutputCleanup)" [_thread_blocked, id=17552, stack(0x0000001432000000,0x0000001432100000)]
  0x000002047f6f0800 JavaThread "Unconstrained build operations" [_thread_blocked, id=19228, stack(0x0000001432100000,0x0000001432200000)]
  0x000002047f6f2000 JavaThread "Unconstrained build operations Thread 2" [_thread_blocked, id=7524, stack(0x0000001432200000,0x0000001432300000)]
  0x000002047f6ee000 JavaThread "Unconstrained build operations Thread 3" [_thread_blocked, id=10756, stack(0x0000001432300000,0x0000001432400000)]
  0x000002047f6f3000 JavaThread "Unconstrained build operations Thread 4" [_thread_blocked, id=5544, stack(0x0000001432400000,0x0000001432500000)]
  0x0000020404cb0800 JavaThread "Unconstrained build operations Thread 5" [_thread_blocked, id=18528, stack(0x0000001432500000,0x0000001432600000)]
  0x0000020404cae800 JavaThread "Unconstrained build operations Thread 6" [_thread_blocked, id=2820, stack(0x0000001432600000,0x0000001432700000)]
  0x0000020404cb1800 JavaThread "Unconstrained build operations Thread 7" [_thread_blocked, id=9796, stack(0x0000001432700000,0x0000001432800000)]
  0x0000020404caf000 JavaThread "Unconstrained build operations Thread 8" [_thread_blocked, id=9672, stack(0x0000001432800000,0x0000001432900000)]
  0x0000020404cac000 JavaThread "Unconstrained build operations Thread 9" [_thread_blocked, id=14364, stack(0x0000001432900000,0x0000001432a00000)]
  0x0000020404cb4000 JavaThread "Unconstrained build operations Thread 10" [_thread_blocked, id=16792, stack(0x0000001432a00000,0x0000001432b00000)]
  0x0000020404cb5000 JavaThread "Unconstrained build operations Thread 11" [_thread_blocked, id=12520, stack(0x0000001432b00000,0x0000001432c00000)]
  0x0000020404cb5800 JavaThread "Unconstrained build operations Thread 12" [_thread_blocked, id=7688, stack(0x0000001432c00000,0x0000001432d00000)]
  0x0000020404cb6800 JavaThread "Unconstrained build operations Thread 13" [_thread_blocked, id=18912, stack(0x0000001432d00000,0x0000001432e00000)]
  0x0000020404cb7800 JavaThread "Unconstrained build operations Thread 14" [_thread_blocked, id=13528, stack(0x0000001432e00000,0x0000001432f00000)]
  0x0000020404cb8000 JavaThread "Unconstrained build operations Thread 15" [_thread_blocked, id=9312, stack(0x0000001432f00000,0x0000001433000000)]
  0x0000020404cb2800 JavaThread "Unconstrained build operations Thread 16" [_thread_blocked, id=18336, stack(0x0000001433000000,0x0000001433100000)]
  0x0000020404cb9000 JavaThread "Unconstrained build operations Thread 17" [_thread_blocked, id=7048, stack(0x0000001433100000,0x0000001433200000)]
  0x0000020404cb3000 JavaThread "Unconstrained build operations Thread 18" [_thread_blocked, id=18968, stack(0x0000001433200000,0x0000001433300000)]
  0x0000020404cba800 JavaThread "Unconstrained build operations Thread 19" [_thread_blocked, id=4792, stack(0x0000001433300000,0x0000001433400000)]
  0x0000020404cb9800 JavaThread "Unconstrained build operations Thread 20" [_thread_blocked, id=10792, stack(0x0000001433400000,0x0000001433500000)]
  0x0000020404a17800 JavaThread "build event listener" [_thread_blocked, id=3848, stack(0x0000001433500000,0x0000001433600000)]
  0x0000020404a1a000 JavaThread "build event listener" [_thread_blocked, id=10420, stack(0x0000001433600000,0x0000001433700000)]
  0x0000020404a18800 JavaThread "pool-6-thread-1" [_thread_blocked, id=10040, stack(0x0000001433700000,0x0000001433800000)]
  0x0000020404a19000 JavaThread "build event listener" [_thread_blocked, id=13056, stack(0x0000001433800000,0x0000001433900000)]
  0x000002047f834800 JavaThread "Execution worker for ':'" [_thread_blocked, id=11828, stack(0x0000001433900000,0x0000001433a00000)]
  0x000002040e692800 JavaThread "Cache worker for execution history cache (C:\Users\paolo\AndroidStudioProjects\trabajoFinal\.gradle\7.3.3\executionHistory)" [_thread_blocked, id=15908, stack(0x0000001433a00000,0x0000001433b00000)]
  0x000002040e68f800 JavaThread "WorkerExecutor Queue" [_thread_blocked, id=9068, stack(0x000000142f400000,0x000000142f500000)]
  0x000002040e68e800 JavaThread "WorkerExecutor Queue Thread 2" [_thread_blocked, id=16876, stack(0x0000001433b00000,0x0000001433c00000)]

Other Threads:
  0x000002047eb3b800 VMThread "VM Thread" [stack: 0x000000142fc00000,0x000000142fd00000] [id=3704]
  0x000002047f651800 WatcherThread [stack: 0x0000001430600000,0x0000001430700000] [id=17484]
  0x00000204694b5800 GCTaskThread "GC Thread#0" [stack: 0x000000142f700000,0x000000142f800000] [id=1540]
  0x000002047f73e000 GCTaskThread "GC Thread#1" [stack: 0x0000001430700000,0x0000001430800000] [id=10676]
  0x00000204694e8000 ConcurrentGCThread "G1 Main Marker" [stack: 0x000000142f800000,0x000000142f900000] [id=5684]
  0x00000204694e9000 ConcurrentGCThread "G1 Conc#0" [stack: 0x000000142f900000,0x000000142fa00000] [id=16160]
  0x0000020469537000 ConcurrentGCThread "G1 Refine#0" [stack: 0x000000142fa00000,0x000000142fb00000] [id=1092]
  0x0000020469538000 ConcurrentGCThread "G1 Young RemSet Sampling" [stack: 0x000000142fb00000,0x000000142fc00000] [id=14448]

Threads with active compile tasks:
C2 CompilerThread01912879 22918       4       com.android.tools.r8.ir.regalloc.b::i (614 bytes)

VM state:at safepoint (normal execution)

VM Mutex/Monitor currently owned by a thread:  ([mutex/lock_event])
[0x0000020469499420] Threads_lock - owner thread: 0x000002047eb3b800
[0x0000020469499300] Heap_lock - owner thread: 0x0000020404cb5800

Heap address: 0x0000000080000000, size: 2048 MB, Compressed Oops mode: 32-bit
Narrow klass base: 0x0000000000000000, Narrow klass shift: 3
Compressed class space size: 1073741824 Address: 0x0000000100000000

Heap:
 garbage-first heap   total 732160K, used 190506K [0x0000000080000000, 0x0000000100000000)
  region size 1024K, 1 young (1024K), 1 survivors (1024K)
 Metaspace       used 144464K, capacity 148204K, committed 148352K, reserved 1177600K
  class space    used 17939K, capacity 19303K, committed 19328K, reserved 1048576K
Heap Regions: E=young(eden), S=young(survivor), O=old, HS=humongous(starts), HC=humongous(continues), CS=collection set, F=free, A=archive, TAMS=top-at-mark-start (previous, next)
|   0|0x0000000080000000, 0x0000000080100000, 0x0000000080100000|100%| O|  |TAMS 0x0000000080100000, 0x0000000080000000| Untracked 
|   1|0x0000000080100000, 0x0000000080200000, 0x0000000080200000|100%| O|  |TAMS 0x0000000080200000, 0x0000000080100000| Untracked 
|   2|0x0000000080200000, 0x0000000080300000, 0x0000000080300000|100%| O|  |TAMS 0x0000000080300000, 0x0000000080200000| Untracked 
|   3|0x0000000080300000, 0x0000000080400000, 0x0000000080400000|100%| O|  |TAMS 0x0000000080400000, 0x0000000080300000| Untracked 
|   4|0x0000000080400000, 0x0000000080500000, 0x0000000080500000|100%|HS|  |TAMS 0x0000000080500000, 0x0000000080400000| Complete 
|   5|0x0000000080500000, 0x0000000080600000, 0x0000000080600000|100%|HC|  |TAMS 0x0000000080600000, 0x0000000080500000| Complete 
|   6|0x0000000080600000, 0x0000000080700000, 0x0000000080700000|100%|HC|  |TAMS 0x0000000080700000, 0x0000000080600000| Complete 
|   7|0x0000000080700000, 0x0000000080800000, 0x0000000080800000|100%| O|  |TAMS 0x0000000080800000, 0x0000000080700000| Untracked 
|   8|0x0000000080800000, 0x0000000080900000, 0x0000000080900000|100%| O|  |TAMS 0x0000000080900000, 0x0000000080800000| Untracked 
|   9|0x0000000080900000, 0x0000000080a00000, 0x0000000080a00000|100%| O|  |TAMS 0x0000000080a00000, 0x0000000080900000| Untracked 
|  10|0x0000000080a00000, 0x0000000080b00000, 0x0000000080b00000|100%| O|  |TAMS 0x0000000080b00000, 0x0000000080a00000| Untracked 
|  11|0x0000000080b00000, 0x0000000080c00000, 0x0000000080c00000|100%| O|  |TAMS 0x0000000080c00000, 0x0000000080b00000| Untracked 
|  12|0x0000000080c00000, 0x0000000080d00000, 0x0000000080d00000|100%| O|  |TAMS 0x0000000080d00000, 0x0000000080c00000| Untracked 
|  13|0x0000000080d00000, 0x0000000080e00000, 0x0000000080e00000|100%| O|  |TAMS 0x0000000080e00000, 0x0000000080d00000| Untracked 
|  14|0x0000000080e00000, 0x0000000080f00000, 0x0000000080f00000|100%| O|  |TAMS 0x0000000080f00000, 0x0000000080e00000| Untracked 
|  15|0x0000000080f00000, 0x0000000081000000, 0x0000000081000000|100%| O|  |TAMS 0x0000000081000000, 0x0000000080f00000| Untracked 
|  16|0x0000000081000000, 0x0000000081100000, 0x0000000081100000|100%| O|  |TAMS 0x0000000081100000, 0x0000000081000000| Untracked 
|  17|0x0000000081100000, 0x0000000081200000, 0x0000000081200000|100%|HS|  |TAMS 0x0000000081200000, 0x0000000081100000| Complete 
|  18|0x0000000081200000, 0x0000000081300000, 0x0000000081300000|100%|HC|  |TAMS 0x0000000081300000, 0x0000000081200000| Complete 
|  19|0x0000000081300000, 0x0000000081400000, 0x0000000081400000|100%|HS|  |TAMS 0x0000000081400000, 0x0000000081300000| Complete 
|  20|0x0000000081400000, 0x0000000081500000, 0x0000000081500000|100%|HC|  |TAMS 0x0000000081500000, 0x0000000081400000| Complete 
|  21|0x0000000081500000, 0x0000000081600000, 0x0000000081600000|100%|HC|  |TAMS 0x0000000081600000, 0x0000000081500000| Complete 
|  22|0x0000000081600000, 0x0000000081700000, 0x0000000081700000|100%|HS|  |TAMS 0x0000000081700000, 0x0000000081600000| Complete 
|  23|0x0000000081700000, 0x0000000081800000, 0x0000000081800000|100%|HS|  |TAMS 0x0000000081800000, 0x0000000081700000| Complete 
|  24|0x0000000081800000, 0x0000000081900000, 0x0000000081900000|100%|HC|  |TAMS 0x0000000081900000, 0x0000000081800000| Complete 
|  25|0x0000000081900000, 0x0000000081a00000, 0x0000000081a00000|100%|HC|  |TAMS 0x0000000081a00000, 0x0000000081900000| Complete 
|  26|0x0000000081a00000, 0x0000000081b00000, 0x0000000081b00000|100%|HC|  |TAMS 0x0000000081b00000, 0x0000000081a00000| Complete 
|  27|0x0000000081b00000, 0x0000000081c00000, 0x0000000081c00000|100%| O|  |TAMS 0x0000000081c00000, 0x0000000081b00000| Untracked 
|  28|0x0000000081c00000, 0x0000000081d00000, 0x0000000081d00000|100%| O|  |TAMS 0x0000000081d00000, 0x0000000081c00000| Untracked 
|  29|0x0000000081d00000, 0x0000000081e00000, 0x0000000081e00000|100%| O|  |TAMS 0x0000000081e00000, 0x0000000081d00000| Untracked 
|  30|0x0000000081e00000, 0x0000000081f00000, 0x0000000081f00000|100%| O|  |TAMS 0x0000000081f00000, 0x0000000081e00000| Untracked 
|  31|0x0000000081f00000, 0x0000000082000000, 0x0000000082000000|100%| O|  |TAMS 0x0000000082000000, 0x0000000081f00000| Untracked 
|  32|0x0000000082000000, 0x0000000082100000, 0x0000000082100000|100%| O|  |TAMS 0x0000000082100000, 0x0000000082000000| Untracked 
|  33|0x0000000082100000, 0x0000000082200000, 0x0000000082200000|100%| O|  |TAMS 0x0000000082200000, 0x0000000082100000| Untracked 
|  34|0x0000000082200000, 0x0000000082300000, 0x0000000082300000|100%| O|  |TAMS 0x0000000082300000, 0x0000000082200000| Untracked 
|  35|0x0000000082300000, 0x0000000082400000, 0x0000000082400000|100%| O|  |TAMS 0x0000000082400000, 0x0000000082300000| Untracked 
|  36|0x0000000082400000, 0x0000000082500000, 0x0000000082500000|100%| O|  |TAMS 0x0000000082500000, 0x0000000082400000| Untracked 
|  37|0x0000000082500000, 0x0000000082600000, 0x0000000082600000|100%| O|  |TAMS 0x0000000082600000, 0x0000000082500000| Untracked 
|  38|0x0000000082600000, 0x0000000082700000, 0x0000000082700000|100%| O|  |TAMS 0x0000000082700000, 0x0000000082600000| Untracked 
|  39|0x0000000082700000, 0x0000000082800000, 0x0000000082800000|100%| O|  |TAMS 0x0000000082800000, 0x0000000082700000| Untracked 
|  40|0x0000000082800000, 0x0000000082900000, 0x0000000082900000|100%|HS|  |TAMS 0x0000000082900000, 0x0000000082800000| Complete 
|  41|0x0000000082900000, 0x0000000082a00000, 0x0000000082a00000|100%| O|  |TAMS 0x0000000082a00000, 0x0000000082900000| Untracked 
|  42|0x0000000082a00000, 0x0000000082b00000, 0x0000000082b00000|100%| O|  |TAMS 0x0000000082b00000, 0x0000000082a00000| Untracked 
|  43|0x0000000082b00000, 0x0000000082c00000, 0x0000000082c00000|100%|HS|  |TAMS 0x0000000082c00000, 0x0000000082b00000| Complete 
|  44|0x0000000082c00000, 0x0000000082d00000, 0x0000000082d00000|100%|HC|  |TAMS 0x0000000082d00000, 0x0000000082c00000| Complete 
|  45|0x0000000082d00000, 0x0000000082e00000, 0x0000000082e00000|100%|HC|  |TAMS 0x0000000082e00000, 0x0000000082d00000| Complete 
|  46|0x0000000082e00000, 0x0000000082f00000, 0x0000000082f00000|100%| O|  |TAMS 0x0000000082f00000, 0x0000000082e00000| Untracked 
|  47|0x0000000082f00000, 0x0000000083000000, 0x0000000083000000|100%| O|  |TAMS 0x0000000083000000, 0x0000000082f00000| Untracked 
|  48|0x0000000083000000, 0x0000000083100000, 0x0000000083100000|100%| O|  |TAMS 0x0000000083100000, 0x0000000083000000| Untracked 
|  49|0x0000000083100000, 0x0000000083200000, 0x0000000083200000|100%| O|  |TAMS 0x0000000083200000, 0x0000000083100000| Untracked 
|  50|0x0000000083200000, 0x0000000083300000, 0x0000000083300000|100%| O|  |TAMS 0x0000000083300000, 0x0000000083200000| Untracked 
|  51|0x0000000083300000, 0x0000000083400000, 0x0000000083400000|100%|HS|  |TAMS 0x0000000083400000, 0x0000000083300000| Complete 
|  52|0x0000000083400000, 0x0000000083500000, 0x0000000083500000|100%|HC|  |TAMS 0x0000000083500000, 0x0000000083400000| Complete 
|  53|0x0000000083500000, 0x0000000083600000, 0x0000000083600000|100%|HC|  |TAMS 0x0000000083600000, 0x0000000083500000| Complete 
|  54|0x0000000083600000, 0x0000000083700000, 0x0000000083700000|100%|HC|  |TAMS 0x0000000083700000, 0x0000000083600000| Complete 
|  55|0x0000000083700000, 0x0000000083800000, 0x0000000083800000|100%| O|  |TAMS 0x0000000083800000, 0x0000000083700000| Untracked 
|  56|0x0000000083800000, 0x0000000083900000, 0x0000000083900000|100%| O|  |TAMS 0x0000000083900000, 0x0000000083800000| Untracked 
|  57|0x0000000083900000, 0x0000000083a00000, 0x0000000083a00000|100%| O|  |TAMS 0x0000000083900000, 0x0000000083900000| Untracked 
|  58|0x0000000083a00000, 0x0000000083b00000, 0x0000000083b00000|100%| O|  |TAMS 0x0000000083b00000, 0x0000000083a00000| Untracked 
|  59|0x0000000083b00000, 0x0000000083c00000, 0x0000000083c00000|100%|HS|  |TAMS 0x0000000083c00000, 0x0000000083b00000| Complete 
|  60|0x0000000083c00000, 0x0000000083d00000, 0x0000000083d00000|100%| O|  |TAMS 0x0000000083d00000, 0x0000000083c00000| Untracked 
|  61|0x0000000083d00000, 0x0000000083e00000, 0x0000000083e00000|100%|HS|  |TAMS 0x0000000083e00000, 0x0000000083d00000| Complete 
|  62|0x0000000083e00000, 0x0000000083f00000, 0x0000000083f00000|100%|HS|  |TAMS 0x0000000083f00000, 0x0000000083e00000| Complete 
|  63|0x0000000083f00000, 0x0000000084000000, 0x0000000084000000|100%|HS|  |TAMS 0x0000000084000000, 0x0000000083f00000| Complete 
|  64|0x0000000084000000, 0x0000000084100000, 0x0000000084100000|100%|HC|  |TAMS 0x0000000084100000, 0x0000000084000000| Complete 
|  65|0x0000000084100000, 0x0000000084200000, 0x0000000084200000|100%|HC|  |TAMS 0x0000000084200000, 0x0000000084100000| Complete 
|  66|0x0000000084200000, 0x0000000084300000, 0x0000000084300000|100%| O|  |TAMS 0x0000000084300000, 0x0000000084200000| Untracked 
|  67|0x0000000084300000, 0x0000000084400000, 0x0000000084400000|100%| O|  |TAMS 0x0000000084400000, 0x0000000084300000| Untracked 
|  68|0x0000000084400000, 0x0000000084500000, 0x0000000084500000|100%| O|  |TAMS 0x0000000084500000, 0x0000000084400000| Untracked 
|  69|0x0000000084500000, 0x0000000084600000, 0x0000000084600000|100%|HS|  |TAMS 0x0000000084600000, 0x0000000084500000| Complete 
|  70|0x0000000084600000, 0x0000000084700000, 0x0000000084700000|100%|HC|  |TAMS 0x0000000084700000, 0x0000000084600000| Complete 
|  71|0x0000000084700000, 0x0000000084800000, 0x0000000084800000|100%| O|  |TAMS 0x0000000084800000, 0x0000000084700000| Untracked 
|  72|0x0000000084800000, 0x0000000084900000, 0x0000000084900000|100%| O|  |TAMS 0x0000000084900000, 0x0000000084800000| Untracked 
|  73|0x0000000084900000, 0x0000000084a00000, 0x0000000084a00000|100%| O|  |TAMS 0x0000000084a00000, 0x0000000084900000| Untracked 
|  74|0x0000000084a00000, 0x0000000084b00000, 0x0000000084b00000|100%| O|  |TAMS 0x0000000084b00000, 0x0000000084a00000| Untracked 
|  75|0x0000000084b00000, 0x0000000084c00000, 0x0000000084c00000|100%| O|  |TAMS 0x0000000084c00000, 0x0000000084b00000| Untracked 
|  76|0x0000000084c00000, 0x0000000084d00000, 0x0000000084d00000|100%| O|  |TAMS 0x0000000084d00000, 0x0000000084c00000| Untracked 
|  77|0x0000000084d00000, 0x0000000084e00000, 0x0000000084e00000|100%| O|  |TAMS 0x0000000084e00000, 0x0000000084d00000| Untracked 
|  78|0x0000000084e00000, 0x0000000084f00000, 0x0000000084f00000|100%| O|  |TAMS 0x0000000084f00000, 0x0000000084e00000| Untracked 
|  79|0x0000000084f00000, 0x0000000085000000, 0x0000000085000000|100%| O|  |TAMS 0x0000000085000000, 0x0000000084f00000| Untracked 
|  80|0x0000000085000000, 0x0000000085100000, 0x0000000085100000|100%| O|  |TAMS 0x0000000085100000, 0x0000000085000000| Untracked 
|  81|0x0000000085100000, 0x0000000085200000, 0x0000000085200000|100%| O|  |TAMS 0x0000000085200000, 0x0000000085100000| Untracked 
|  82|0x0000000085200000, 0x0000000085300000, 0x0000000085300000|100%| O|  |TAMS 0x0000000085300000, 0x0000000085200000| Untracked 
|  83|0x0000000085300000, 0x0000000085400000, 0x0000000085400000|100%| O|  |TAMS 0x0000000085400000, 0x0000000085300000| Untracked 
|  84|0x0000000085400000, 0x0000000085500000, 0x0000000085500000|100%| O|  |TAMS 0x0000000085500000, 0x0000000085400000| Untracked 
|  85|0x0000000085500000, 0x0000000085600000, 0x0000000085600000|100%| O|  |TAMS 0x0000000085600000, 0x0000000085500000| Untracked 
|  86|0x0000000085600000, 0x0000000085700000, 0x0000000085700000|100%| O|  |TAMS 0x0000000085700000, 0x0000000085600000| Untracked 
|  87|0x0000000085700000, 0x0000000085800000, 0x0000000085800000|100%| O|  |TAMS 0x0000000085800000, 0x0000000085700000| Untracked 
|  88|0x0000000085800000, 0x0000000085900000, 0x0000000085900000|100%| O|  |TAMS 0x0000000085900000, 0x0000000085800000| Untracked 
|  89|0x0000000085900000, 0x0000000085a00000, 0x0000000085a00000|100%|HS|  |TAMS 0x0000000085a00000, 0x0000000085900000| Complete 
|  90|0x0000000085a00000, 0x0000000085b00000, 0x0000000085b00000|100%|HC|  |TAMS 0x0000000085b00000, 0x0000000085a00000| Complete 
|  91|0x0000000085b00000, 0x0000000085c00000, 0x0000000085c00000|100%|HS|  |TAMS 0x0000000085c00000, 0x0000000085b00000| Complete 
|  92|0x0000000085c00000, 0x0000000085d00000, 0x0000000085d00000|100%|HC|  |TAMS 0x0000000085d00000, 0x0000000085c00000| Complete 
|  93|0x0000000085d00000, 0x0000000085e00000, 0x0000000085e00000|100%|HC|  |TAMS 0x0000000085e00000, 0x0000000085d00000| Complete 
|  94|0x0000000085e00000, 0x0000000085f00000, 0x0000000085f00000|100%|HS|  |TAMS 0x0000000085f00000, 0x0000000085e00000| Complete 
|  95|0x0000000085f00000, 0x0000000086000000, 0x0000000086000000|100%| O|  |TAMS 0x0000000085f00000, 0x0000000085f00000| Untracked 
|  96|0x0000000086000000, 0x0000000086100000, 0x0000000086100000|100%| O|  |TAMS 0x0000000086100000, 0x0000000086000000| Untracked 
|  97|0x0000000086100000, 0x0000000086200000, 0x0000000086200000|100%| O|  |TAMS 0x0000000086100000, 0x0000000086100000| Untracked 
|  98|0x0000000086200000, 0x0000000086300000, 0x0000000086300000|100%|HS|  |TAMS 0x0000000086300000, 0x0000000086200000| Complete 
|  99|0x0000000086300000, 0x0000000086400000, 0x0000000086400000|100%|HC|  |TAMS 0x0000000086400000, 0x0000000086300000| Complete 
| 100|0x0000000086400000, 0x0000000086500000, 0x0000000086500000|100%|HC|  |TAMS 0x0000000086500000, 0x0000000086400000| Complete 
| 101|0x0000000086500000, 0x0000000086600000, 0x0000000086600000|100%|HC|  |TAMS 0x0000000086600000, 0x0000000086500000| Complete 
| 102|0x0000000086600000, 0x0000000086700000, 0x0000000086700000|100%| O|  |TAMS 0x0000000086700000, 0x0000000086600000| Untracked 
| 103|0x0000000086700000, 0x0000000086800000, 0x0000000086800000|100%| O|  |TAMS 0x0000000086800000, 0x0000000086700000| Untracked 
| 104|0x0000000086800000, 0x0000000086900000, 0x0000000086900000|100%| O|  |TAMS 0x0000000086900000, 0x0000000086800000| Untracked 
| 105|0x0000000086900000, 0x0000000086a00000, 0x0000000086a00000|100%| O|  |TAMS 0x0000000086a00000, 0x0000000086900000| Untracked 
| 106|0x0000000086a00000, 0x0000000086b00000, 0x0000000086b00000|100%| O|  |TAMS 0x0000000086b00000, 0x0000000086a00000| Untracked 
| 107|0x0000000086b00000, 0x0000000086c00000, 0x0000000086c00000|100%| O|  |TAMS 0x0000000086c00000, 0x0000000086b00000| Untracked 
| 108|0x0000000086c00000, 0x0000000086d00000, 0x0000000086d00000|100%| O|  |TAMS 0x0000000086c00000, 0x0000000086c00000| Untracked 
| 109|0x0000000086d00000, 0x0000000086e00000, 0x0000000086e00000|100%| O|  |TAMS 0x0000000086e00000, 0x0000000086d00000| Untracked 
| 110|0x0000000086e00000, 0x0000000086f00000, 0x0000000086f00000|100%| O|  |TAMS 0x0000000086f00000, 0x0000000086e00000| Untracked 
| 111|0x0000000086f00000, 0x0000000087000000, 0x0000000087000000|100%| O|  |TAMS 0x0000000087000000, 0x0000000086f00000| Untracked 
| 112|0x0000000087000000, 0x0000000087100000, 0x0000000087100000|100%| O|  |TAMS 0x0000000087100000, 0x0000000087000000| Untracked 
| 113|0x0000000087100000, 0x0000000087200000, 0x0000000087200000|100%| O|  |TAMS 0x0000000087200000, 0x0000000087100000| Untracked 
| 114|0x0000000087200000, 0x0000000087300000, 0x0000000087300000|100%| O|  |TAMS 0x0000000087300000, 0x0000000087200000| Untracked 
| 115|0x0000000087300000, 0x0000000087400000, 0x0000000087400000|100%| O|  |TAMS 0x0000000087300000, 0x0000000087300000| Untracked 
| 116|0x0000000087400000, 0x0000000087500000, 0x0000000087500000|100%| O|  |TAMS 0x0000000087400000, 0x0000000087400000| Untracked 
| 117|0x0000000087500000, 0x0000000087600000, 0x0000000087600000|100%| O|  |TAMS 0x0000000087600000, 0x0000000087500000| Untracked 
| 118|0x0000000087600000, 0x0000000087700000, 0x0000000087700000|100%| O|  |TAMS 0x0000000087700000, 0x0000000087600000| Untracked 
| 119|0x0000000087700000, 0x0000000087800000, 0x0000000087800000|100%| O|  |TAMS 0x0000000087800000, 0x0000000087700000| Untracked 
| 120|0x0000000087800000, 0x0000000087900000, 0x0000000087900000|100%| O|  |TAMS 0x0000000087900000, 0x0000000087800000| Untracked 
| 121|0x0000000087900000, 0x0000000087a00000, 0x0000000087a00000|100%| O|  |TAMS 0x0000000087a00000, 0x0000000087900000| Untracked 
| 122|0x0000000087a00000, 0x0000000087b00000, 0x0000000087b00000|100%| O|  |TAMS 0x0000000087b00000, 0x0000000087a00000| Untracked 
| 123|0x0000000087b00000, 0x0000000087c00000, 0x0000000087c00000|100%| O|  |TAMS 0x0000000087c00000, 0x0000000087b00000| Untracked 
| 124|0x0000000087c00000, 0x0000000087d00000, 0x0000000087d00000|100%| O|  |TAMS 0x0000000087d00000, 0x0000000087c00000| Untracked 
| 125|0x0000000087d00000, 0x0000000087e00000, 0x0000000087e00000|100%| O|  |TAMS 0x0000000087e00000, 0x0000000087d00000| Untracked 
| 126|0x0000000087e00000, 0x0000000087f00000, 0x0000000087f00000|100%| O|  |TAMS 0x0000000087f00000, 0x0000000087e00000| Untracked 
| 127|0x0000000087f00000, 0x0000000088000000, 0x0000000088000000|100%| O|  |TAMS 0x0000000088000000, 0x0000000087f00000| Untracked 
| 128|0x0000000088000000, 0x0000000088100000, 0x0000000088100000|100%| O|  |TAMS 0x0000000088100000, 0x0000000088000000| Untracked 
| 129|0x0000000088100000, 0x0000000088200000, 0x0000000088200000|100%| O|  |TAMS 0x0000000088100000, 0x0000000088100000| Untracked 
| 130|0x0000000088200000, 0x0000000088300000, 0x0000000088300000|100%| O|  |TAMS 0x0000000088300000, 0x0000000088200000| Untracked 
| 131|0x0000000088300000, 0x0000000088400000, 0x0000000088400000|100%| O|  |TAMS 0x0000000088400000, 0x0000000088300000| Untracked 
| 132|0x0000000088400000, 0x0000000088500000, 0x0000000088500000|100%| O|  |TAMS 0x0000000088500000, 0x0000000088400000| Untracked 
| 133|0x0000000088500000, 0x0000000088600000, 0x0000000088600000|100%| O|  |TAMS 0x0000000088600000, 0x0000000088500000| Untracked 
| 134|0x0000000088600000, 0x0000000088700000, 0x0000000088700000|100%| O|  |TAMS 0x0000000088700000, 0x0000000088600000| Untracked 
| 135|0x0000000088700000, 0x0000000088800000, 0x0000000088800000|100%| O|  |TAMS 0x0000000088800000, 0x0000000088700000| Untracked 
| 136|0x0000000088800000, 0x0000000088900000, 0x0000000088900000|100%| O|  |TAMS 0x0000000088900000, 0x0000000088800000| Untracked 
| 137|0x0000000088900000, 0x0000000088a00000, 0x0000000088a00000|100%| O|  |TAMS 0x0000000088a00000, 0x0000000088900000| Untracked 
| 138|0x0000000088a00000, 0x0000000088b00000, 0x0000000088b00000|100%| O|  |TAMS 0x0000000088b00000, 0x0000000088a00000| Untracked 
| 139|0x0000000088b00000, 0x0000000088c00000, 0x0000000088c00000|100%| O|  |TAMS 0x0000000088c00000, 0x0000000088b00000| Untracked 
| 140|0x0000000088c00000, 0x0000000088d00000, 0x0000000088d00000|100%| O|  |TAMS 0x0000000088d00000, 0x0000000088c00000| Untracked 
| 141|0x0000000088d00000, 0x0000000088e00000, 0x0000000088e00000|100%|HS|  |TAMS 0x0000000088d00000, 0x0000000088d00000| Complete 
| 142|0x0000000088e00000, 0x0000000088f00000, 0x0000000088f00000|100%|HC|  |TAMS 0x0000000088e00000, 0x0000000088e00000| Complete 
| 143|0x0000000088f00000, 0x0000000089000000, 0x0000000089000000|100%| O|  |TAMS 0x0000000089000000, 0x0000000088f00000| Untracked 
| 144|0x0000000089000000, 0x0000000089100000, 0x0000000089100000|100%| O|  |TAMS 0x0000000089100000, 0x0000000089000000| Untracked 
| 145|0x0000000089100000, 0x0000000089200000, 0x0000000089200000|100%| O|  |TAMS 0x0000000089200000, 0x0000000089100000| Untracked 
| 146|0x0000000089200000, 0x0000000089300000, 0x0000000089300000|100%| O|  |TAMS 0x0000000089300000, 0x0000000089200000| Untracked 
| 147|0x0000000089300000, 0x0000000089400000, 0x0000000089400000|100%| O|  |TAMS 0x0000000089400000, 0x0000000089300000| Untracked 
| 148|0x0000000089400000, 0x0000000089500000, 0x0000000089500000|100%| O|  |TAMS 0x0000000089500000, 0x0000000089400000| Untracked 
| 149|0x0000000089500000, 0x0000000089600000, 0x0000000089600000|100%| O|  |TAMS 0x0000000089600000, 0x0000000089500000| Untracked 
| 150|0x0000000089600000, 0x0000000089700000, 0x0000000089700000|100%| O|  |TAMS 0x0000000089700000, 0x0000000089600000| Untracked 
| 151|0x0000000089700000, 0x0000000089800000, 0x0000000089800000|100%| O|  |TAMS 0x0000000089800000, 0x0000000089700000| Untracked 
| 152|0x0000000089800000, 0x0000000089900000, 0x0000000089900000|100%| O|  |TAMS 0x0000000089900000, 0x0000000089800000| Untracked 
| 153|0x0000000089900000, 0x0000000089a00000, 0x0000000089a00000|100%| O|  |TAMS 0x0000000089a00000, 0x0000000089900000| Untracked 
| 154|0x0000000089a00000, 0x0000000089b00000, 0x0000000089b00000|100%| O|  |TAMS 0x0000000089b00000, 0x0000000089a00000| Untracked 
| 155|0x0000000089b00000, 0x0000000089c00000, 0x0000000089c00000|100%| O|  |TAMS 0x0000000089c00000, 0x0000000089b00000| Untracked 
| 156|0x0000000089c00000, 0x0000000089d00000, 0x0000000089d00000|100%| O|  |TAMS 0x0000000089d00000, 0x0000000089c00000| Untracked 
| 157|0x0000000089d00000, 0x0000000089e00000, 0x0000000089e00000|100%| O|  |TAMS 0x0000000089e00000, 0x0000000089d00000| Untracked 
| 158|0x0000000089e00000, 0x0000000089f00000, 0x0000000089f00000|100%| O|  |TAMS 0x0000000089f00000, 0x0000000089e00000| Untracked 
| 159|0x0000000089f00000, 0x000000008a000000, 0x000000008a000000|100%| O|  |TAMS 0x000000008a000000, 0x0000000089f00000| Untracked 
| 160|0x000000008a000000, 0x000000008a100000, 0x000000008a100000|100%| O|  |TAMS 0x000000008a100000, 0x000000008a000000| Untracked 
| 161|0x000000008a100000, 0x000000008a200000, 0x000000008a200000|100%| O|  |TAMS 0x000000008a200000, 0x000000008a100000| Untracked 
| 162|0x000000008a200000, 0x000000008a300000, 0x000000008a300000|100%| O|  |TAMS 0x000000008a300000, 0x000000008a200000| Untracked 
| 163|0x000000008a300000, 0x000000008a400000, 0x000000008a400000|100%| O|  |TAMS 0x000000008a400000, 0x000000008a300000| Untracked 
| 164|0x000000008a400000, 0x000000008a500000, 0x000000008a500000|100%| O|  |TAMS 0x000000008a400000, 0x000000008a400000| Untracked 
| 165|0x000000008a500000, 0x000000008a600000, 0x000000008a600000|100%| O|  |TAMS 0x000000008a600000, 0x000000008a500000| Untracked 
| 166|0x000000008a600000, 0x000000008a700000, 0x000000008a700000|100%| O|  |TAMS 0x000000008a6fee00, 0x000000008a600000| Untracked 
| 167|0x000000008a700000, 0x000000008a800000, 0x000000008a800000|100%| O|  |TAMS 0x000000008a800000, 0x000000008a700000| Untracked 
| 168|0x000000008a800000, 0x000000008a900000, 0x000000008a900000|100%| O|  |TAMS 0x000000008a800000, 0x000000008a800000| Untracked 
| 169|0x000000008a900000, 0x000000008aa00000, 0x000000008aa00000|100%| O|  |TAMS 0x000000008a900000, 0x000000008a900000| Untracked 
| 170|0x000000008aa00000, 0x000000008ab00000, 0x000000008ab00000|100%| O|  |TAMS 0x000000008ab00000, 0x000000008aa00000| Untracked 
| 171|0x000000008ab00000, 0x000000008ab98c00, 0x000000008ac00000| 59%| O|  |TAMS 0x000000008ab00000, 0x000000008ab00000| Untracked 
| 172|0x000000008ac00000, 0x000000008ad00000, 0x000000008ad00000|100%| O|  |TAMS 0x000000008ad00000, 0x000000008ac00000| Untracked 
| 173|0x000000008ad00000, 0x000000008ad00000, 0x000000008ae00000|  0%| F|  |TAMS 0x000000008ad00000, 0x000000008ad00000| Untracked 
| 174|0x000000008ae00000, 0x000000008af00000, 0x000000008af00000|100%| O|  |TAMS 0x000000008af00000, 0x000000008ae00000| Untracked 
| 175|0x000000008af00000, 0x000000008af00000, 0x000000008b000000|  0%| F|  |TAMS 0x000000008af00000, 0x000000008af00000| Untracked 
| 176|0x000000008b000000, 0x000000008b100000, 0x000000008b100000|100%| O|  |TAMS 0x000000008b100000, 0x000000008b000000| Untracked 
| 177|0x000000008b100000, 0x000000008b200000, 0x000000008b200000|100%| O|  |TAMS 0x000000008b200000, 0x000000008b100000| Untracked 
| 178|0x000000008b200000, 0x000000008b300000, 0x000000008b300000|100%| O|  |TAMS 0x000000008b300000, 0x000000008b200000| Untracked 
| 179|0x000000008b300000, 0x000000008b400000, 0x000000008b400000|100%| O|  |TAMS 0x000000008b400000, 0x000000008b300000| Untracked 
| 180|0x000000008b400000, 0x000000008b500000, 0x000000008b500000|100%| O|  |TAMS 0x000000008b500000, 0x000000008b400000| Untracked 
| 181|0x000000008b500000, 0x000000008b600000, 0x000000008b600000|100%| O|  |TAMS 0x000000008b600000, 0x000000008b500000| Untracked 
| 182|0x000000008b600000, 0x000000008b600000, 0x000000008b700000|  0%| F|  |TAMS 0x000000008b600000, 0x000000008b600000| Untracked 
| 183|0x000000008b700000, 0x000000008b800000, 0x000000008b800000|100%| O|  |TAMS 0x000000008b800000, 0x000000008b700000| Untracked 
| 184|0x000000008b800000, 0x000000008b900000, 0x000000008b900000|100%| O|  |TAMS 0x000000008b900000, 0x000000008b800000| Untracked 
| 185|0x000000008b900000, 0x000000008ba00000, 0x000000008ba00000|100%| O|  |TAMS 0x000000008ba00000, 0x000000008b900000| Untracked 
| 186|0x000000008ba00000, 0x000000008bb00000, 0x000000008bb00000|100%| O|  |TAMS 0x000000008bb00000, 0x000000008ba00000| Untracked 
| 187|0x000000008bb00000, 0x000000008bc00000, 0x000000008bc00000|100%| O|  |TAMS 0x000000008bc00000, 0x000000008bb00000| Untracked 
| 188|0x000000008bc00000, 0x000000008bd00000, 0x000000008bd00000|100%| O|  |TAMS 0x000000008bd00000, 0x000000008bc00000| Untracked 
| 189|0x000000008bd00000, 0x000000008bd00000, 0x000000008be00000|  0%| F|  |TAMS 0x000000008bd00000, 0x000000008bd00000| Untracked 
| 190|0x000000008be00000, 0x000000008be00000, 0x000000008bf00000|  0%| F|  |TAMS 0x000000008be00000, 0x000000008be00000| Untracked 
| 191|0x000000008bf00000, 0x000000008bf00000, 0x000000008c000000|  0%| F|  |TAMS 0x000000008bf00000, 0x000000008bf00000| Untracked 
| 192|0x000000008c000000, 0x000000008c000000, 0x000000008c100000|  0%| F|  |TAMS 0x000000008c000000, 0x000000008c000000| Untracked 
| 193|0x000000008c100000, 0x000000008c100000, 0x000000008c200000|  0%| F|  |TAMS 0x000000008c100000, 0x000000008c100000| Untracked 
| 194|0x000000008c200000, 0x000000008c200000, 0x000000008c300000|  0%| F|  |TAMS 0x000000008c200000, 0x000000008c200000| Untracked 
| 195|0x000000008c300000, 0x000000008c300000, 0x000000008c400000|  0%| F|  |TAMS 0x000000008c300000, 0x000000008c300000| Untracked 
| 196|0x000000008c400000, 0x000000008c400000, 0x000000008c500000|  0%| F|  |TAMS 0x000000008c400000, 0x000000008c400000| Untracked 
| 197|0x000000008c500000, 0x000000008c500000, 0x000000008c600000|  0%| F|  |TAMS 0x000000008c500000, 0x000000008c500000| Untracked 
| 198|0x000000008c600000, 0x000000008c600000, 0x000000008c700000|  0%| F|  |TAMS 0x000000008c600000, 0x000000008c600000| Untracked 
| 199|0x000000008c700000, 0x000000008c700000, 0x000000008c800000|  0%| F|  |TAMS 0x000000008c700000, 0x000000008c700000| Untracked 
| 200|0x000000008c800000, 0x000000008c800000, 0x000000008c900000|  0%| F|  |TAMS 0x000000008c800000, 0x000000008c800000| Untracked 
| 201|0x000000008c900000, 0x000000008c900000, 0x000000008ca00000|  0%| F|  |TAMS 0x000000008c900000, 0x000000008c900000| Untracked 
| 202|0x000000008ca00000, 0x000000008ca00000, 0x000000008cb00000|  0%| F|  |TAMS 0x000000008ca00000, 0x000000008ca00000| Untracked 
| 203|0x000000008cb00000, 0x000000008cb00000, 0x000000008cc00000|  0%| F|  |TAMS 0x000000008cb00000, 0x000000008cb00000| Untracked 
| 204|0x000000008cc00000, 0x000000008cc00000, 0x000000008cd00000|  0%| F|  |TAMS 0x000000008cc00000, 0x000000008cc00000| Untracked 
| 205|0x000000008cd00000, 0x000000008cd00000, 0x000000008ce00000|  0%| F|  |TAMS 0x000000008cd00000, 0x000000008cd00000| Untracked 
| 206|0x000000008ce00000, 0x000000008ce00000, 0x000000008cf00000|  0%| F|  |TAMS 0x000000008ce00000, 0x000000008ce00000| Untracked 
| 207|0x000000008cf00000, 0x000000008cf00000, 0x000000008d000000|  0%| F|  |TAMS 0x000000008cf00000, 0x000000008cf00000| Untracked 
| 208|0x000000008d000000, 0x000000008d000000, 0x000000008d100000|  0%| F|  |TAMS 0x000000008d000000, 0x000000008d000000| Untracked 
| 209|0x000000008d100000, 0x000000008d100000, 0x000000008d200000|  0%| F|  |TAMS 0x000000008d100000, 0x000000008d100000| Untracked 
| 210|0x000000008d200000, 0x000000008d200000, 0x000000008d300000|  0%| F|  |TAMS 0x000000008d200000, 0x000000008d200000| Untracked 
| 211|0x000000008d300000, 0x000000008d300000, 0x000000008d400000|  0%| F|  |TAMS 0x000000008d300000, 0x000000008d300000| Untracked 
| 212|0x000000008d400000, 0x000000008d400000, 0x000000008d500000|  0%| F|  |TAMS 0x000000008d400000, 0x000000008d400000| Untracked 
| 213|0x000000008d500000, 0x000000008d500000, 0x000000008d600000|  0%| F|  |TAMS 0x000000008d500000, 0x000000008d500000| Untracked 
| 214|0x000000008d600000, 0x000000008d600000, 0x000000008d700000|  0%| F|  |TAMS 0x000000008d600000, 0x000000008d600000| Untracked 
| 215|0x000000008d700000, 0x000000008d700000, 0x000000008d800000|  0%| F|  |TAMS 0x000000008d700000, 0x000000008d700000| Untracked 
| 216|0x000000008d800000, 0x000000008d800000, 0x000000008d900000|  0%| F|  |TAMS 0x000000008d800000, 0x000000008d800000| Untracked 
| 217|0x000000008d900000, 0x000000008d900000, 0x000000008da00000|  0%| F|  |TAMS 0x000000008d900000, 0x000000008d900000| Untracked 
| 218|0x000000008da00000, 0x000000008da00000, 0x000000008db00000|  0%| F|  |TAMS 0x000000008da00000, 0x000000008da00000| Untracked 
| 219|0x000000008db00000, 0x000000008db00000, 0x000000008dc00000|  0%| F|  |TAMS 0x000000008db00000, 0x000000008db00000| Untracked 
| 220|0x000000008dc00000, 0x000000008dc00000, 0x000000008dd00000|  0%| F|  |TAMS 0x000000008dc00000, 0x000000008dc00000| Untracked 
| 221|0x000000008dd00000, 0x000000008dd00000, 0x000000008de00000|  0%| F|  |TAMS 0x000000008dd00000, 0x000000008dd00000| Untracked 
| 222|0x000000008de00000, 0x000000008de00000, 0x000000008df00000|  0%| F|  |TAMS 0x000000008de00000, 0x000000008de00000| Untracked 
| 223|0x000000008df00000, 0x000000008df00000, 0x000000008e000000|  0%| F|  |TAMS 0x000000008df00000, 0x000000008df00000| Untracked 
| 224|0x000000008e000000, 0x000000008e000000, 0x000000008e100000|  0%| F|  |TAMS 0x000000008e000000, 0x000000008e000000| Untracked 
| 225|0x000000008e100000, 0x000000008e100000, 0x000000008e200000|  0%| F|  |TAMS 0x000000008e100000, 0x000000008e100000| Untracked 
| 226|0x000000008e200000, 0x000000008e200000, 0x000000008e300000|  0%| F|  |TAMS 0x000000008e200000, 0x000000008e200000| Untracked 
| 227|0x000000008e300000, 0x000000008e300000, 0x000000008e400000|  0%| F|  |TAMS 0x000000008e300000, 0x000000008e300000| Untracked 
| 228|0x000000008e400000, 0x000000008e400000, 0x000000008e500000|  0%| F|  |TAMS 0x000000008e400000, 0x000000008e400000| Untracked 
| 229|0x000000008e500000, 0x000000008e500000, 0x000000008e600000|  0%| F|  |TAMS 0x000000008e500000, 0x000000008e500000| Untracked 
| 230|0x000000008e600000, 0x000000008e600000, 0x000000008e700000|  0%| F|  |TAMS 0x000000008e600000, 0x000000008e600000| Untracked 
| 231|0x000000008e700000, 0x000000008e700000, 0x000000008e800000|  0%| F|  |TAMS 0x000000008e700000, 0x000000008e700000| Untracked 
| 232|0x000000008e800000, 0x000000008e800000, 0x000000008e900000|  0%| F|  |TAMS 0x000000008e800000, 0x000000008e800000| Untracked 
| 233|0x000000008e900000, 0x000000008e900000, 0x000000008ea00000|  0%| F|  |TAMS 0x000000008e900000, 0x000000008e900000| Untracked 
| 234|0x000000008ea00000, 0x000000008ea00000, 0x000000008eb00000|  0%| F|  |TAMS 0x000000008ea00000, 0x000000008ea00000| Untracked 
| 235|0x000000008eb00000, 0x000000008eb00000, 0x000000008ec00000|  0%| F|  |TAMS 0x000000008eb00000, 0x000000008eb00000| Untracked 
| 236|0x000000008ec00000, 0x000000008ec00000, 0x000000008ed00000|  0%| F|  |TAMS 0x000000008ec00000, 0x000000008ec00000| Untracked 
| 237|0x000000008ed00000, 0x000000008ed00000, 0x000000008ee00000|  0%| F|  |TAMS 0x000000008ed00000, 0x000000008ed00000| Untracked 
| 238|0x000000008ee00000, 0x000000008ee00000, 0x000000008ef00000|  0%| F|  |TAMS 0x000000008ee00000, 0x000000008ee00000| Untracked 
| 239|0x000000008ef00000, 0x000000008ef00000, 0x000000008f000000|  0%| F|  |TAMS 0x000000008ef00000, 0x000000008ef00000| Untracked 
| 240|0x000000008f000000, 0x000000008f000000, 0x000000008f100000|  0%| F|  |TAMS 0x000000008f000000, 0x000000008f000000| Untracked 
| 241|0x000000008f100000, 0x000000008f100000, 0x000000008f200000|  0%| F|  |TAMS 0x000000008f100000, 0x000000008f100000| Untracked 
| 242|0x000000008f200000, 0x000000008f200000, 0x000000008f300000|  0%| F|  |TAMS 0x000000008f200000, 0x000000008f200000| Untracked 
| 243|0x000000008f300000, 0x000000008f300000, 0x000000008f400000|  0%| F|  |TAMS 0x000000008f300000, 0x000000008f300000| Untracked 
| 244|0x000000008f400000, 0x000000008f400000, 0x000000008f500000|  0%| F|  |TAMS 0x000000008f400000, 0x000000008f400000| Untracked 
| 245|0x000000008f500000, 0x000000008f500000, 0x000000008f600000|  0%| F|  |TAMS 0x000000008f500000, 0x000000008f500000| Untracked 
| 246|0x000000008f600000, 0x000000008f600000, 0x000000008f700000|  0%| F|  |TAMS 0x000000008f600000, 0x000000008f600000| Untracked 
| 247|0x000000008f700000, 0x000000008f700000, 0x000000008f800000|  0%| F|  |TAMS 0x000000008f700000, 0x000000008f700000| Untracked 
| 248|0x000000008f800000, 0x000000008f800000, 0x000000008f900000|  0%| F|  |TAMS 0x000000008f800000, 0x000000008f800000| Untracked 
| 249|0x000000008f900000, 0x000000008f900000, 0x000000008fa00000|  0%| F|  |TAMS 0x000000008f900000, 0x000000008f900000| Untracked 
| 250|0x000000008fa00000, 0x000000008fa00000, 0x000000008fb00000|  0%| F|  |TAMS 0x000000008fa00000, 0x000000008fa00000| Untracked 
| 251|0x000000008fb00000, 0x000000008fb00000, 0x000000008fc00000|  0%| F|  |TAMS 0x000000008fb00000, 0x000000008fb00000| Untracked 
| 252|0x000000008fc00000, 0x000000008fc00000, 0x000000008fd00000|  0%| F|  |TAMS 0x000000008fc00000, 0x000000008fc00000| Untracked 
| 253|0x000000008fd00000, 0x000000008fd00000, 0x000000008fe00000|  0%| F|  |TAMS 0x000000008fd00000, 0x000000008fd00000| Untracked 
| 254|0x000000008fe00000, 0x000000008fe00000, 0x000000008ff00000|  0%| F|  |TAMS 0x000000008fe00000, 0x000000008fe00000| Untracked 
| 255|0x000000008ff00000, 0x000000008ff00000, 0x0000000090000000|  0%| F|  |TAMS 0x000000008ff00000, 0x000000008ff00000| Untracked 
| 256|0x0000000090000000, 0x0000000090000000, 0x0000000090100000|  0%| F|  |TAMS 0x0000000090000000, 0x0000000090000000| Untracked 
| 257|0x0000000090100000, 0x0000000090100000, 0x0000000090200000|  0%| F|  |TAMS 0x0000000090100000, 0x0000000090100000| Untracked 
| 258|0x0000000090200000, 0x0000000090200000, 0x0000000090300000|  0%| F|  |TAMS 0x0000000090200000, 0x0000000090200000| Untracked 
| 259|0x0000000090300000, 0x0000000090300000, 0x0000000090400000|  0%| F|  |TAMS 0x0000000090300000, 0x0000000090300000| Untracked 
| 260|0x0000000090400000, 0x0000000090400000, 0x0000000090500000|  0%| F|  |TAMS 0x0000000090400000, 0x0000000090400000| Untracked 
| 261|0x0000000090500000, 0x0000000090500000, 0x0000000090600000|  0%| F|  |TAMS 0x0000000090500000, 0x0000000090500000| Untracked 
| 262|0x0000000090600000, 0x0000000090600000, 0x0000000090700000|  0%| F|  |TAMS 0x0000000090600000, 0x0000000090600000| Untracked 
| 263|0x0000000090700000, 0x0000000090700000, 0x0000000090800000|  0%| F|  |TAMS 0x0000000090700000, 0x0000000090700000| Untracked 
| 264|0x0000000090800000, 0x0000000090800000, 0x0000000090900000|  0%| F|  |TAMS 0x0000000090800000, 0x0000000090800000| Untracked 
| 265|0x0000000090900000, 0x0000000090900000, 0x0000000090a00000|  0%| F|  |TAMS 0x0000000090900000, 0x0000000090900000| Untracked 
| 266|0x0000000090a00000, 0x0000000090a00000, 0x0000000090b00000|  0%| F|  |TAMS 0x0000000090a00000, 0x0000000090a00000| Untracked 
| 267|0x0000000090b00000, 0x0000000090b00000, 0x0000000090c00000|  0%| F|  |TAMS 0x0000000090b00000, 0x0000000090b00000| Untracked 
| 268|0x0000000090c00000, 0x0000000090c00000, 0x0000000090d00000|  0%| F|  |TAMS 0x0000000090c00000, 0x0000000090c00000| Untracked 
| 269|0x0000000090d00000, 0x0000000090d00000, 0x0000000090e00000|  0%| F|  |TAMS 0x0000000090d00000, 0x0000000090d00000| Untracked 
| 270|0x0000000090e00000, 0x0000000090e00000, 0x0000000090f00000|  0%| F|  |TAMS 0x0000000090e00000, 0x0000000090e00000| Untracked 
| 271|0x0000000090f00000, 0x0000000090f00000, 0x0000000091000000|  0%| F|  |TAMS 0x0000000090f00000, 0x0000000090f00000| Untracked 
| 272|0x0000000091000000, 0x0000000091000000, 0x0000000091100000|  0%| F|  |TAMS 0x0000000091000000, 0x0000000091000000| Untracked 
| 273|0x0000000091100000, 0x0000000091100000, 0x0000000091200000|  0%| F|  |TAMS 0x0000000091100000, 0x0000000091100000| Untracked 
| 274|0x0000000091200000, 0x0000000091200000, 0x0000000091300000|  0%| F|  |TAMS 0x0000000091200000, 0x0000000091200000| Untracked 
| 275|0x0000000091300000, 0x0000000091300000, 0x0000000091400000|  0%| F|  |TAMS 0x0000000091300000, 0x0000000091300000| Untracked 
| 276|0x0000000091400000, 0x0000000091400000, 0x0000000091500000|  0%| F|  |TAMS 0x0000000091400000, 0x0000000091400000| Untracked 
| 277|0x0000000091500000, 0x0000000091500000, 0x0000000091600000|  0%| F|  |TAMS 0x0000000091500000, 0x0000000091500000| Untracked 
| 278|0x0000000091600000, 0x0000000091600000, 0x0000000091700000|  0%| F|  |TAMS 0x0000000091600000, 0x0000000091600000| Untracked 
| 279|0x0000000091700000, 0x0000000091700000, 0x0000000091800000|  0%| F|  |TAMS 0x0000000091700000, 0x0000000091700000| Untracked 
| 280|0x0000000091800000, 0x0000000091800000, 0x0000000091900000|  0%| F|  |TAMS 0x0000000091800000, 0x0000000091800000| Untracked 
| 281|0x0000000091900000, 0x0000000091900000, 0x0000000091a00000|  0%| F|  |TAMS 0x0000000091900000, 0x0000000091900000| Untracked 
| 282|0x0000000091a00000, 0x0000000091a00000, 0x0000000091b00000|  0%| F|  |TAMS 0x0000000091a00000, 0x0000000091a00000| Untracked 
| 283|0x0000000091b00000, 0x0000000091b00000, 0x0000000091c00000|  0%| F|  |TAMS 0x0000000091b00000, 0x0000000091b00000| Untracked 
| 284|0x0000000091c00000, 0x0000000091c00000, 0x0000000091d00000|  0%| F|  |TAMS 0x0000000091c00000, 0x0000000091c00000| Untracked 
| 285|0x0000000091d00000, 0x0000000091d00000, 0x0000000091e00000|  0%| F|  |TAMS 0x0000000091d00000, 0x0000000091d00000| Untracked 
| 286|0x0000000091e00000, 0x0000000091e00000, 0x0000000091f00000|  0%| F|  |TAMS 0x0000000091e00000, 0x0000000091e00000| Untracked 
| 287|0x0000000091f00000, 0x0000000091f00000, 0x0000000092000000|  0%| F|  |TAMS 0x0000000091f00000, 0x0000000091f00000| Untracked 
| 288|0x0000000092000000, 0x0000000092000000, 0x0000000092100000|  0%| F|  |TAMS 0x0000000092000000, 0x0000000092000000| Untracked 
| 289|0x0000000092100000, 0x0000000092100000, 0x0000000092200000|  0%| F|  |TAMS 0x0000000092100000, 0x0000000092100000| Untracked 
| 290|0x0000000092200000, 0x0000000092200000, 0x0000000092300000|  0%| F|  |TAMS 0x0000000092200000, 0x0000000092200000| Untracked 
| 291|0x0000000092300000, 0x0000000092300000, 0x0000000092400000|  0%| F|  |TAMS 0x0000000092300000, 0x0000000092300000| Untracked 
| 292|0x0000000092400000, 0x0000000092400000, 0x0000000092500000|  0%| F|  |TAMS 0x0000000092400000, 0x0000000092400000| Untracked 
| 293|0x0000000092500000, 0x0000000092500000, 0x0000000092600000|  0%| F|  |TAMS 0x0000000092500000, 0x0000000092500000| Untracked 
| 294|0x0000000092600000, 0x0000000092600000, 0x0000000092700000|  0%| F|  |TAMS 0x0000000092600000, 0x0000000092600000| Untracked 
| 295|0x0000000092700000, 0x0000000092700000, 0x0000000092800000|  0%| F|  |TAMS 0x0000000092700000, 0x0000000092700000| Untracked 
| 296|0x0000000092800000, 0x0000000092800000, 0x0000000092900000|  0%| F|  |TAMS 0x0000000092800000, 0x0000000092800000| Untracked 
| 297|0x0000000092900000, 0x0000000092900000, 0x0000000092a00000|  0%| F|  |TAMS 0x0000000092900000, 0x0000000092900000| Untracked 
| 298|0x0000000092a00000, 0x0000000092a00000, 0x0000000092b00000|  0%| F|  |TAMS 0x0000000092a00000, 0x0000000092a00000| Untracked 
| 299|0x0000000092b00000, 0x0000000092b00000, 0x0000000092c00000|  0%| F|  |TAMS 0x0000000092b00000, 0x0000000092b00000| Untracked 
| 300|0x0000000092c00000, 0x0000000092c00000, 0x0000000092d00000|  0%| F|  |TAMS 0x0000000092c00000, 0x0000000092c00000| Untracked 
| 301|0x0000000092d00000, 0x0000000092d00000, 0x0000000092e00000|  0%| F|  |TAMS 0x0000000092d00000, 0x0000000092d00000| Untracked 
| 302|0x0000000092e00000, 0x0000000092e00000, 0x0000000092f00000|  0%| F|  |TAMS 0x0000000092e00000, 0x0000000092e00000| Untracked 
| 303|0x0000000092f00000, 0x0000000092f00000, 0x0000000093000000|  0%| F|  |TAMS 0x0000000092f00000, 0x0000000092f00000| Untracked 
| 304|0x0000000093000000, 0x0000000093000000, 0x0000000093100000|  0%| F|  |TAMS 0x0000000093000000, 0x0000000093000000| Untracked 
| 305|0x0000000093100000, 0x0000000093100000, 0x0000000093200000|  0%| F|  |TAMS 0x0000000093100000, 0x0000000093100000| Untracked 
| 306|0x0000000093200000, 0x0000000093200000, 0x0000000093300000|  0%| F|  |TAMS 0x0000000093200000, 0x0000000093200000| Untracked 
| 307|0x0000000093300000, 0x0000000093300000, 0x0000000093400000|  0%| F|  |TAMS 0x0000000093300000, 0x0000000093300000| Untracked 
| 308|0x0000000093400000, 0x0000000093400000, 0x0000000093500000|  0%| F|  |TAMS 0x0000000093400000, 0x0000000093400000| Untracked 
| 309|0x0000000093500000, 0x0000000093500000, 0x0000000093600000|  0%| F|  |TAMS 0x0000000093500000, 0x0000000093500000| Untracked 
| 310|0x0000000093600000, 0x0000000093600000, 0x0000000093700000|  0%| F|  |TAMS 0x0000000093600000, 0x0000000093600000| Untracked 
| 311|0x0000000093700000, 0x0000000093700000, 0x0000000093800000|  0%| F|  |TAMS 0x0000000093700000, 0x0000000093700000| Untracked 
| 312|0x0000000093800000, 0x0000000093800000, 0x0000000093900000|  0%| F|  |TAMS 0x0000000093800000, 0x0000000093800000| Untracked 
| 313|0x0000000093900000, 0x0000000093900000, 0x0000000093a00000|  0%| F|  |TAMS 0x0000000093900000, 0x0000000093900000| Untracked 
| 314|0x0000000093a00000, 0x0000000093a00000, 0x0000000093b00000|  0%| F|  |TAMS 0x0000000093a00000, 0x0000000093a00000| Untracked 
| 315|0x0000000093b00000, 0x0000000093b00000, 0x0000000093c00000|  0%| F|  |TAMS 0x0000000093b00000, 0x0000000093b00000| Untracked 
| 316|0x0000000093c00000, 0x0000000093c00000, 0x0000000093d00000|  0%| F|  |TAMS 0x0000000093c00000, 0x0000000093c00000| Untracked 
| 317|0x0000000093d00000, 0x0000000093d00000, 0x0000000093e00000|  0%| F|  |TAMS 0x0000000093d00000, 0x0000000093d00000| Untracked 
| 318|0x0000000093e00000, 0x0000000093e00000, 0x0000000093f00000|  0%| F|  |TAMS 0x0000000093e00000, 0x0000000093e00000| Untracked 
| 319|0x0000000093f00000, 0x0000000093f00000, 0x0000000094000000|  0%| F|  |TAMS 0x0000000093f00000, 0x0000000093f00000| Untracked 
| 320|0x0000000094000000, 0x0000000094000000, 0x0000000094100000|  0%| F|  |TAMS 0x0000000094000000, 0x0000000094000000| Untracked 
| 321|0x0000000094100000, 0x0000000094100000, 0x0000000094200000|  0%| F|  |TAMS 0x0000000094100000, 0x0000000094100000| Untracked 
| 322|0x0000000094200000, 0x0000000094200000, 0x0000000094300000|  0%| F|  |TAMS 0x0000000094200000, 0x0000000094200000| Untracked 
| 323|0x0000000094300000, 0x0000000094300000, 0x0000000094400000|  0%| F|  |TAMS 0x0000000094300000, 0x0000000094300000| Untracked 
| 324|0x0000000094400000, 0x0000000094400000, 0x0000000094500000|  0%| F|  |TAMS 0x0000000094400000, 0x0000000094400000| Untracked 
| 325|0x0000000094500000, 0x0000000094500000, 0x0000000094600000|  0%| F|  |TAMS 0x0000000094500000, 0x0000000094500000| Untracked 
| 326|0x0000000094600000, 0x0000000094600000, 0x0000000094700000|  0%| F|  |TAMS 0x0000000094600000, 0x0000000094600000| Untracked 
| 327|0x0000000094700000, 0x0000000094700000, 0x0000000094800000|  0%| F|  |TAMS 0x0000000094700000, 0x0000000094700000| Untracked 
| 328|0x0000000094800000, 0x0000000094800000, 0x0000000094900000|  0%| F|  |TAMS 0x0000000094800000, 0x0000000094800000| Untracked 
| 329|0x0000000094900000, 0x0000000094900000, 0x0000000094a00000|  0%| F|  |TAMS 0x0000000094900000, 0x0000000094900000| Untracked 
| 330|0x0000000094a00000, 0x0000000094a00000, 0x0000000094b00000|  0%| F|  |TAMS 0x0000000094a00000, 0x0000000094a00000| Untracked 
| 331|0x0000000094b00000, 0x0000000094b00000, 0x0000000094c00000|  0%| F|  |TAMS 0x0000000094b00000, 0x0000000094b00000| Untracked 
| 332|0x0000000094c00000, 0x0000000094c00000, 0x0000000094d00000|  0%| F|  |TAMS 0x0000000094c00000, 0x0000000094c00000| Untracked 
| 333|0x0000000094d00000, 0x0000000094d00000, 0x0000000094e00000|  0%| F|  |TAMS 0x0000000094d00000, 0x0000000094d00000| Untracked 
| 334|0x0000000094e00000, 0x0000000094e00000, 0x0000000094f00000|  0%| F|  |TAMS 0x0000000094e00000, 0x0000000094e00000| Untracked 
| 335|0x0000000094f00000, 0x0000000094f00000, 0x0000000095000000|  0%| F|  |TAMS 0x0000000094f00000, 0x0000000094f00000| Untracked 
| 336|0x0000000095000000, 0x0000000095000000, 0x0000000095100000|  0%| F|  |TAMS 0x0000000095000000, 0x0000000095000000| Untracked 
| 337|0x0000000095100000, 0x0000000095100000, 0x0000000095200000|  0%| F|  |TAMS 0x0000000095100000, 0x0000000095100000| Untracked 
| 338|0x0000000095200000, 0x0000000095200000, 0x0000000095300000|  0%| F|  |TAMS 0x0000000095200000, 0x0000000095200000| Untracked 
| 339|0x0000000095300000, 0x0000000095300000, 0x0000000095400000|  0%| F|  |TAMS 0x0000000095300000, 0x0000000095300000| Untracked 
| 340|0x0000000095400000, 0x0000000095400000, 0x0000000095500000|  0%| F|  |TAMS 0x0000000095400000, 0x0000000095400000| Untracked 
| 341|0x0000000095500000, 0x0000000095500000, 0x0000000095600000|  0%| F|  |TAMS 0x0000000095500000, 0x0000000095500000| Untracked 
| 342|0x0000000095600000, 0x0000000095600000, 0x0000000095700000|  0%| F|  |TAMS 0x0000000095600000, 0x0000000095600000| Untracked 
| 343|0x0000000095700000, 0x0000000095700000, 0x0000000095800000|  0%| F|  |TAMS 0x0000000095700000, 0x0000000095700000| Untracked 
| 344|0x0000000095800000, 0x0000000095800000, 0x0000000095900000|  0%| F|  |TAMS 0x0000000095800000, 0x0000000095800000| Untracked 
| 345|0x0000000095900000, 0x0000000095900000, 0x0000000095a00000|  0%| F|  |TAMS 0x0000000095900000, 0x0000000095900000| Untracked 
| 346|0x0000000095a00000, 0x0000000095a00000, 0x0000000095b00000|  0%| F|  |TAMS 0x0000000095a00000, 0x0000000095a00000| Untracked 
| 347|0x0000000095b00000, 0x0000000095b00000, 0x0000000095c00000|  0%| F|  |TAMS 0x0000000095b00000, 0x0000000095b00000| Untracked 
| 348|0x0000000095c00000, 0x0000000095c00000, 0x0000000095d00000|  0%| F|  |TAMS 0x0000000095c00000, 0x0000000095c00000| Untracked 
| 349|0x0000000095d00000, 0x0000000095d00000, 0x0000000095e00000|  0%| F|  |TAMS 0x0000000095d00000, 0x0000000095d00000| Untracked 
| 350|0x0000000095e00000, 0x0000000095e00000, 0x0000000095f00000|  0%| F|  |TAMS 0x0000000095e00000, 0x0000000095e00000| Untracked 
| 351|0x0000000095f00000, 0x0000000095f00000, 0x0000000096000000|  0%| F|  |TAMS 0x0000000095f00000, 0x0000000095f00000| Untracked 
| 352|0x0000000096000000, 0x0000000096000000, 0x0000000096100000|  0%| F|  |TAMS 0x0000000096000000, 0x0000000096000000| Untracked 
| 353|0x0000000096100000, 0x0000000096100000, 0x0000000096200000|  0%| F|  |TAMS 0x0000000096100000, 0x0000000096100000| Untracked 
| 354|0x0000000096200000, 0x0000000096200000, 0x0000000096300000|  0%| F|  |TAMS 0x0000000096200000, 0x0000000096200000| Untracked 
| 355|0x0000000096300000, 0x0000000096300000, 0x0000000096400000|  0%| F|  |TAMS 0x0000000096300000, 0x0000000096300000| Untracked 
| 356|0x0000000096400000, 0x0000000096400000, 0x0000000096500000|  0%| F|  |TAMS 0x0000000096400000, 0x0000000096400000| Untracked 
| 357|0x0000000096500000, 0x0000000096500000, 0x0000000096600000|  0%| F|  |TAMS 0x0000000096500000, 0x0000000096500000| Untracked 
| 358|0x0000000096600000, 0x0000000096600000, 0x0000000096700000|  0%| F|  |TAMS 0x0000000096600000, 0x0000000096600000| Untracked 
| 359|0x0000000096700000, 0x0000000096700000, 0x0000000096800000|  0%| F|  |TAMS 0x0000000096700000, 0x0000000096700000| Untracked 
| 360|0x0000000096800000, 0x0000000096800000, 0x0000000096900000|  0%| F|  |TAMS 0x0000000096800000, 0x0000000096800000| Untracked 
| 361|0x0000000096900000, 0x0000000096900000, 0x0000000096a00000|  0%| F|  |TAMS 0x0000000096900000, 0x0000000096900000| Untracked 
| 362|0x0000000096a00000, 0x0000000096a71f40, 0x0000000096b00000| 44%| S|CS|TAMS 0x0000000096a00000, 0x0000000096a00000| Complete 
| 363|0x0000000096b00000, 0x0000000096b00000, 0x0000000096c00000|  0%| F|  |TAMS 0x0000000096b00000, 0x0000000096b00000| Untracked 
| 364|0x0000000096c00000, 0x0000000096c00000, 0x0000000096d00000|  0%| F|  |TAMS 0x0000000096c00000, 0x0000000096c00000| Untracked 
| 365|0x0000000096d00000, 0x0000000096d00000, 0x0000000096e00000|  0%| F|  |TAMS 0x0000000096d00000, 0x0000000096d00000| Untracked 
| 366|0x0000000096e00000, 0x0000000096e00000, 0x0000000096f00000|  0%| F|  |TAMS 0x0000000096e00000, 0x0000000096e00000| Untracked 
| 367|0x0000000096f00000, 0x0000000096f00000, 0x0000000097000000|  0%| F|  |TAMS 0x0000000096f00000, 0x0000000096f00000| Untracked 
| 368|0x0000000097000000, 0x0000000097000000, 0x0000000097100000|  0%| F|  |TAMS 0x0000000097000000, 0x0000000097000000| Untracked 
| 369|0x0000000097100000, 0x0000000097100000, 0x0000000097200000|  0%| F|  |TAMS 0x0000000097100000, 0x0000000097100000| Untracked 
| 370|0x0000000097200000, 0x0000000097200000, 0x0000000097300000|  0%| F|  |TAMS 0x0000000097200000, 0x0000000097200000| Untracked 
| 371|0x0000000097300000, 0x0000000097300000, 0x0000000097400000|  0%| F|  |TAMS 0x0000000097300000, 0x0000000097300000| Untracked 
| 372|0x0000000097400000, 0x0000000097400000, 0x0000000097500000|  0%| F|  |TAMS 0x0000000097400000, 0x0000000097400000| Untracked 
| 373|0x0000000097500000, 0x0000000097500000, 0x0000000097600000|  0%| F|  |TAMS 0x0000000097500000, 0x0000000097500000| Untracked 
| 374|0x0000000097600000, 0x0000000097600000, 0x0000000097700000|  0%| F|  |TAMS 0x0000000097600000, 0x0000000097600000| Untracked 
| 375|0x0000000097700000, 0x0000000097700000, 0x0000000097800000|  0%| F|  |TAMS 0x0000000097700000, 0x0000000097700000| Untracked 
| 376|0x0000000097800000, 0x0000000097800000, 0x0000000097900000|  0%| F|  |TAMS 0x0000000097800000, 0x0000000097800000| Untracked 
| 377|0x0000000097900000, 0x0000000097900000, 0x0000000097a00000|  0%| F|  |TAMS 0x0000000097900000, 0x0000000097900000| Untracked 
| 378|0x0000000097a00000, 0x0000000097a00000, 0x0000000097b00000|  0%| F|  |TAMS 0x0000000097a00000, 0x0000000097a00000| Untracked 
| 379|0x0000000097b00000, 0x0000000097b00000, 0x0000000097c00000|  0%| F|  |TAMS 0x0000000097b00000, 0x0000000097b00000| Untracked 
| 380|0x0000000097c00000, 0x0000000097c00000, 0x0000000097d00000|  0%| F|  |TAMS 0x0000000097c00000, 0x0000000097c00000| Untracked 

Card table byte_map: [0x000002047bfb0000,0x000002047c3b0000] _byte_map_base: 0x000002047bbb0000

Marking Bits (Prev, Next): (CMBitMap*) 0x00000204694df3c0, (CMBitMap*) 0x00000204694df388
 Prev Bits: [0x0000020400000000, 0x0000020402000000)
 Next Bits: [0x000002047c7b0000, 0x000002047e7b0000)

Polling page: 0x00000204673e0000

Metaspace:

Usage:
  Non-class:    125.88 MB capacity,   123.56 MB ( 98%) used,     1.88 MB (  1%) free+waste,   451.13 KB ( <1%) overhead. 
      Class:     18.85 MB capacity,    17.52 MB ( 93%) used,     1.14 MB (  6%) free+waste,   194.38 KB (  1%) overhead. 
       Both:    144.73 MB capacity,   141.08 MB ( 97%) used,     3.02 MB (  2%) free+waste,   645.50 KB ( <1%) overhead. 

Virtual space:
  Non-class space:      126.00 MB reserved,     126.00 MB (100%) committed 
      Class space:        1.00 GB reserved,      18.88 MB (  2%) committed 
             Both:        1.12 GB reserved,     144.88 MB ( 13%) committed 

Chunk freelists:
   Non-Class:  0 bytes
       Class:  0 bytes
        Both:  0 bytes

MaxMetaspaceSize: 17179869184.00 GB
CompressedClassSpaceSize: 1.00 GB
Initial GC threshold: 20.80 MB
Current GC threshold: 241.04 MB
CDS: off

CodeHeap 'non-profiled nmethods': size=120064Kb used=18587Kb max_used=18587Kb free=101476Kb
 bounds [0x0000020474a70000, 0x0000020475ca0000, 0x000002047bfb0000]
CodeHeap 'profiled nmethods': size=120000Kb used=45443Kb max_used=47104Kb free=74556Kb
 bounds [0x000002046d540000, 0x00000204705d0000, 0x0000020474a70000]
CodeHeap 'non-nmethods': size=5696Kb used=2501Kb max_used=2590Kb free=3194Kb
 bounds [0x000002046cfb0000, 0x000002046d250000, 0x000002046d540000]
 total_blobs=20187 nmethods=19143 adapters=956
 compilation: enabled
              stopped_count=0, restarted_count=0
 full_count=0

Compilation events (20 events):
Event: 1906.931 Thread 0x000002047ebcd800 22933       2       com.android.tools.r8.internal.cQ::e1 (25 bytes)
Event: 1907.121 Thread 0x000002047ebcd800 nmethod 22933 0x000002046fb72210 code [0x000002046fb723c0, 0x000002046fb724f8]
Event: 1907.122 Thread 0x000002047ebcd800 22950       2       com.android.tools.r8.ir.regalloc.i::a (522 bytes)
Event: 1907.182 Thread 0x000002047ebcd800 nmethod 22950 0x000002046d661710 code [0x000002046d661b40, 0x000002046d662e08]
Event: 1907.182 Thread 0x000002047ebcd800 22952       2       com.android.tools.r8.ir.regalloc.b::a (108 bytes)
Event: 1907.191 Thread 0x000002047ebcd800 nmethod 22952 0x000002046ed78210 code [0x000002046ed78400, 0x000002046ed78798]
Event: 1907.191 Thread 0x000002047ebcd800 22935       2       com.android.tools.r8.ir.regalloc.b::a (120 bytes)
Event: 1907.213 Thread 0x000002047ebcd800 nmethod 22935 0x000002046f483d90 code [0x000002046f483fc0, 0x000002046f484878]
Event: 1907.225 Thread 0x000002047ebcd800 22941       2       com.android.tools.r8.ir.regalloc.b$$Lambda$1595/0x0000000101231c40::<init> (10 bytes)
Event: 1907.225 Thread 0x000002047ebcd800 nmethod 22941 0x000002046edead90 code [0x000002046edeaf40, 0x000002046edeb078]
Event: 1907.225 Thread 0x000002047ebcd800 22942       2       com.android.tools.r8.ir.regalloc.b$$Lambda$1597/0x0000000101232440::get$Lambda (9 bytes)
Event: 1907.225 Thread 0x000002047ebcd800 nmethod 22942 0x000002046edea790 code [0x000002046edea940, 0x000002046edeaab8]
Event: 1907.225 Thread 0x000002047ebcd800 22943       2       com.android.tools.r8.ir.regalloc.b$$Lambda$1597/0x0000000101232440::<init> (10 bytes)
Event: 1907.235 Thread 0x000002047ebcd800 nmethod 22943 0x000002046edf9510 code [0x000002046edf96c0, 0x000002046edf97f8]
Event: 1907.235 Thread 0x000002047ebcd800 22944       2       com.android.tools.r8.ir.regalloc.b$$Lambda$1598/0x0000000101232840::get$Lambda (9 bytes)
Event: 1907.236 Thread 0x000002047ebcd800 nmethod 22944 0x000002046edf8f10 code [0x000002046edf90c0, 0x000002046edf9238]
Event: 1907.236 Thread 0x000002047ebcd800 22945       2       com.android.tools.r8.ir.regalloc.b$$Lambda$1598/0x0000000101232840::<init> (10 bytes)
Event: 1907.281 Thread 0x000002047ebcd800 nmethod 22945 0x000002046f521590 code [0x000002046f521740, 0x000002046f521878]
Event: 1908.804 Thread 0x000002047eba3000 nmethod 22917 0x0000020475c80c10 code [0x0000020475c82040, 0x0000020475c8c2e0]
Event: 1908.805 Thread 0x000002047eba3000 22918       4       com.android.tools.r8.ir.regalloc.b::i (614 bytes)

GC Heap History (20 events):
Event: 1883.283 GC heap before
{Heap before GC invocations=165 (full 0):
 garbage-first heap   total 247808K, used 217835K [0x0000000080000000, 0x0000000100000000)
  region size 1024K, 36 young (36864K), 3 survivors (3072K)
 Metaspace       used 144223K, capacity 147944K, committed 148096K, reserved 1177600K
  class space    used 17935K, capacity 19297K, committed 19328K, reserved 1048576K
}
Event: 1883.315 GC heap after
{Heap after GC invocations=166 (full 0):
 garbage-first heap   total 247808K, used 184657K [0x0000000080000000, 0x0000000100000000)
  region size 1024K, 3 young (3072K), 3 survivors (3072K)
 Metaspace       used 144223K, capacity 147944K, committed 148096K, reserved 1177600K
  class space    used 17935K, capacity 19297K, committed 19328K, reserved 1048576K
}
Event: 1883.659 GC heap before
{Heap before GC invocations=166 (full 0):
 garbage-first heap   total 247808K, used 218449K [0x0000000080000000, 0x0000000100000000)
  region size 1024K, 36 young (36864K), 3 survivors (3072K)
 Metaspace       used 144233K, capacity 147944K, committed 148096K, reserved 1177600K
  class space    used 17935K, capacity 19297K, committed 19328K, reserved 1048576K
}
Event: 1883.719 GC heap after
{Heap after GC invocations=167 (full 0):
 garbage-first heap   total 247808K, used 184621K [0x0000000080000000, 0x0000000100000000)
  region size 1024K, 3 young (3072K), 3 survivors (3072K)
 Metaspace       used 144233K, capacity 147944K, committed 148096K, reserved 1177600K
  class space    used 17935K, capacity 19297K, committed 19328K, reserved 1048576K
}
Event: 1885.489 GC heap before
{Heap before GC invocations=167 (full 0):
 garbage-first heap   total 247808K, used 218413K [0x0000000080000000, 0x0000000100000000)
  region size 1024K, 36 young (36864K), 3 survivors (3072K)
 Metaspace       used 144275K, capacity 148030K, committed 148096K, reserved 1177600K
  class space    used 17936K, capacity 19298K, committed 19328K, reserved 1048576K
}
Event: 1885.525 GC heap after
{Heap after GC invocations=168 (full 0):
 garbage-first heap   total 247808K, used 185007K [0x0000000080000000, 0x0000000100000000)
  region size 1024K, 3 young (3072K), 3 survivors (3072K)
 Metaspace       used 144275K, capacity 148030K, committed 148096K, reserved 1177600K
  class space    used 17936K, capacity 19298K, committed 19328K, reserved 1048576K
}
Event: 1887.085 GC heap before
{Heap before GC invocations=168 (full 0):
 garbage-first heap   total 247808K, used 218799K [0x0000000080000000, 0x0000000100000000)
  region size 1024K, 36 young (36864K), 3 survivors (3072K)
 Metaspace       used 144317K, capacity 148036K, committed 148096K, reserved 1177600K
  class space    used 17936K, capacity 19298K, committed 19328K, reserved 1048576K
}
Event: 1887.276 GC heap after
{Heap after GC invocations=169 (full 0):
 garbage-first heap   total 247808K, used 186731K [0x0000000080000000, 0x0000000100000000)
  region size 1024K, 5 young (5120K), 5 survivors (5120K)
 Metaspace       used 144317K, capacity 148036K, committed 148096K, reserved 1177600K
  class space    used 17936K, capacity 19298K, committed 19328K, reserved 1048576K
}
Event: 1889.809 GC heap before
{Heap before GC invocations=169 (full 0):
 garbage-first heap   total 247808K, used 214379K [0x0000000080000000, 0x0000000100000000)
  region size 1024K, 33 young (33792K), 5 survivors (5120K)
 Metaspace       used 144361K, capacity 148104K, committed 148352K, reserved 1177600K
  class space    used 17936K, capacity 19298K, committed 19328K, reserved 1048576K
}
Event: 1889.871 GC heap after
{Heap after GC invocations=170 (full 0):
 garbage-first heap   total 390144K, used 186900K [0x0000000080000000, 0x0000000100000000)
  region size 1024K, 3 young (3072K), 3 survivors (3072K)
 Metaspace       used 144361K, capacity 148104K, committed 148352K, reserved 1177600K
  class space    used 17936K, capacity 19298K, committed 19328K, reserved 1048576K
}
Event: 1896.058 GC heap before
{Heap before GC invocations=170 (full 0):
 garbage-first heap   total 390144K, used 243220K [0x0000000080000000, 0x0000000100000000)
  region size 1024K, 56 young (57344K), 3 survivors (3072K)
 Metaspace       used 144398K, capacity 148122K, committed 148352K, reserved 1177600K
  class space    used 17939K, capacity 19303K, committed 19328K, reserved 1048576K
}
Event: 1896.856 GC heap after
{Heap after GC invocations=171 (full 0):
 garbage-first heap   total 390144K, used 190420K [0x0000000080000000, 0x0000000100000000)
  region size 1024K, 5 young (5120K), 5 survivors (5120K)
 Metaspace       used 144398K, capacity 148122K, committed 148352K, reserved 1177600K
  class space    used 17939K, capacity 19303K, committed 19328K, reserved 1048576K
}
Event: 1898.442 GC heap before
{Heap before GC invocations=171 (full 0):
 garbage-first heap   total 390144K, used 204756K [0x0000000080000000, 0x0000000100000000)
  region size 1024K, 19 young (19456K), 5 survivors (5120K)
 Metaspace       used 144411K, capacity 148124K, committed 148352K, reserved 1177600K
  class space    used 17939K, capacity 19303K, committed 19328K, reserved 1048576K
}
Event: 1898.481 GC heap after
{Heap after GC invocations=172 (full 0):
 garbage-first heap   total 390144K, used 190684K [0x0000000080000000, 0x0000000100000000)
  region size 1024K, 2 young (2048K), 2 survivors (2048K)
 Metaspace       used 144411K, capacity 148124K, committed 148352K, reserved 1177600K
  class space    used 17939K, capacity 19303K, committed 19328K, reserved 1048576K
}
Event: 1901.032 GC heap before
{Heap before GC invocations=172 (full 0):
 garbage-first heap   total 390144K, used 208092K [0x0000000080000000, 0x0000000100000000)
  region size 1024K, 19 young (19456K), 2 survivors (2048K)
 Metaspace       used 144457K, capacity 148203K, committed 148352K, reserved 1177600K
  class space    used 17939K, capacity 19303K, committed 19328K, reserved 1048576K
}
Event: 1901.067 GC heap after
{Heap after GC invocations=173 (full 0):
 garbage-first heap   total 390144K, used 191059K [0x0000000080000000, 0x0000000100000000)
  region size 1024K, 1 young (1024K), 1 survivors (1024K)
 Metaspace       used 144457K, capacity 148203K, committed 148352K, reserved 1177600K
  class space    used 17939K, capacity 19303K, committed 19328K, reserved 1048576K
}
Event: 1904.170 GC heap before
{Heap before GC invocations=173 (full 0):
 garbage-first heap   total 390144K, used 209491K [0x0000000080000000, 0x0000000100000000)
  region size 1024K, 19 young (19456K), 1 survivors (1024K)
 Metaspace       used 144460K, capacity 148204K, committed 148352K, reserved 1177600K
  class space    used 17939K, capacity 19303K, committed 19328K, reserved 1048576K
}
Event: 1904.376 GC heap after
{Heap after GC invocations=174 (full 0):
 garbage-first heap   total 390144K, used 190362K [0x0000000080000000, 0x0000000100000000)
  region size 1024K, 1 young (1024K), 1 survivors (1024K)
 Metaspace       used 144460K, capacity 148204K, committed 148352K, reserved 1177600K
  class space    used 17939K, capacity 19303K, committed 19328K, reserved 1048576K
}
Event: 1907.487 GC heap before
{Heap before GC invocations=174 (full 0):
 garbage-first heap   total 390144K, used 208794K [0x0000000080000000, 0x0000000100000000)
  region size 1024K, 19 young (19456K), 1 survivors (1024K)
 Metaspace       used 144462K, capacity 148204K, committed 148352K, reserved 1177600K
  class space    used 17939K, capacity 19303K, committed 19328K, reserved 1048576K
}
Event: 1907.653 GC heap after
{Heap after GC invocations=175 (full 0):
 garbage-first heap   total 390144K, used 190445K [0x0000000080000000, 0x0000000100000000)
  region size 1024K, 1 young (1024K), 1 survivors (1024K)
 Metaspace       used 144462K, capacity 148204K, committed 148352K, reserved 1177600K
  class space    used 17939K, capacity 19303K, committed 19328K, reserved 1048576K
}

Deoptimization events (20 events):
Event: 1905.973 Thread 0x0000020404cb5800 Uncommon trap: trap_request=0xffffff4d fr.pc=0x0000020475b401e4 relative=0x0000000000000424
Event: 1906.528 Thread 0x0000020404cb5800 Uncommon trap: reason=unstable_if action=reinterpret pc=0x0000020475b401e4 method=com.android.tools.r8.ir.regalloc.b.b(Lcom/android/tools/r8/ir/regalloc/c;)Z @ 56 c2
Event: 1906.562 Thread 0x0000020404cb5800 DEOPT PACKING pc=0x0000020475b401e4 sp=0x0000001432cf94c0
Event: 1906.582 Thread 0x0000020404cb5800 DEOPT UNPACKING pc=0x000002046cffa1a9 sp=0x0000001432cf9368 mode 2
Event: 1906.874 Thread 0x0000020404cb5800 DEOPT PACKING pc=0x0000020470557f86 sp=0x0000001432cf95a0
Event: 1906.874 Thread 0x0000020404cb5800 DEOPT UNPACKING pc=0x000002046cffa93f sp=0x0000001432cf8e28 mode 0
Event: 1906.980 Thread 0x0000020404cb5800 DEOPT PACKING pc=0x0000020470557f86 sp=0x0000001432cf95a0
Event: 1906.980 Thread 0x0000020404cb5800 DEOPT UNPACKING pc=0x000002046cffa93f sp=0x0000001432cf8e28 mode 0
Event: 1906.994 Thread 0x0000020404cb5800 Uncommon trap: trap_request=0xffffff4d fr.pc=0x0000020475c5f9c0 relative=0x0000000000005d40
Event: 1906.995 Thread 0x0000020404cb5800 Uncommon trap: reason=unstable_if action=reinterpret pc=0x0000020475c5f9c0 method=com.android.tools.r8.ir.regalloc.i.a(ILcom/android/tools/r8/internal/Jo;Lcom/android/tools/r8/internal/Mo;)V @ 428 c2
Event: 1906.995 Thread 0x0000020404cb5800 DEOPT PACKING pc=0x0000020475c5f9c0 sp=0x0000001432cf8e80
Event: 1906.995 Thread 0x0000020404cb5800 DEOPT UNPACKING pc=0x000002046cffa1a9 sp=0x0000001432cf8e50 mode 2
Event: 1907.044 Thread 0x0000020404cb5800 DEOPT PACKING pc=0x0000020470558697 sp=0x0000001432cf9110
Event: 1907.044 Thread 0x0000020404cb5800 DEOPT UNPACKING pc=0x000002046cffa93f sp=0x0000001432cf89a0 mode 0
Event: 1907.067 Thread 0x0000020404cb5800 Uncommon trap: trap_request=0xffffff4d fr.pc=0x0000020474e771a0 relative=0x0000000000000080
Event: 1907.067 Thread 0x0000020404cb5800 Uncommon trap: reason=unstable_if action=reinterpret pc=0x0000020474e771a0 method=com.android.tools.r8.ir.regalloc.b.a(Ljava/util/function/Predicate;Ljava/util/function/BiPredicate;ILcom/android/tools/r8/ir/regalloc/c;IZLcom/android/tools/r8/ir/regalloc/g
Event: 1907.067 Thread 0x0000020404cb5800 DEOPT PACKING pc=0x0000020474e771a0 sp=0x0000001432cf9450
Event: 1907.067 Thread 0x0000020404cb5800 DEOPT UNPACKING pc=0x000002046cffa1a9 sp=0x0000001432cf9400 mode 2
Event: 1908.576 Thread 0x0000020404cb5800 DEOPT PACKING pc=0x0000020470557f65 sp=0x0000001432cf95a0
Event: 1908.576 Thread 0x0000020404cb5800 DEOPT UNPACKING pc=0x000002046cffa93f sp=0x0000001432cf8e28 mode 0

Classes redefined (0 events):
No events

Internal exceptions (20 events):
Event: 1695.881 Thread 0x0000020404cac000 Exception <a 'java/lang/NoSuchMethodError'{0x000000008edcf208}: 'int java.lang.invoke.DirectMethodHandle$Holder.invokeSpecial(java.lang.Object, java.lang.Object, java.lang.Object, java.lang.Object, java.lang.Object)'> (0x000000008edcf208) thrown at [./src/hotspot/share/interpreter/linkResolver.cpp, line 773]
Event: 1701.663 Thread 0x0000020404cb5800 Exception <a 'java/lang/IncompatibleClassChangeError'{0x000000008eb41818}: Found class java.lang.Object, but interface was expected> (0x000000008eb41818) thrown at [./src/hotspot/share/interpreter/linkResolver.cpp, line 839]
Event: 1701.863 Thread 0x0000020404cac000 Exception <a 'java/lang/IncompatibleClassChangeError'{0x000000008ec937c0}: Found class java.lang.Object, but interface was expected> (0x000000008ec937c0) thrown at [./src/hotspot/share/interpreter/linkResolver.cpp, line 839]
Event: 1703.013 Thread 0x0000020404cac000 Exception <a 'java/lang/NoSuchMethodError'{0x000000008e94b518}: 'void java.lang.invoke.DirectMethodHandle$Holder.invokeSpecial(java.lang.Object, java.lang.Object, int, java.lang.Object)'> (0x000000008e94b518) thrown at [./src/hotspot/share/interpreter/linkResolver.cpp, line 773]
Event: 1703.016 Thread 0x0000020404cb5800 Exception <a 'java/lang/NoSuchMethodError'{0x000000008e9b1848}: 'void java.lang.invoke.DirectMethodHandle$Holder.invokeSpecial(java.lang.Object, java.lang.Object, int, java.lang.Object)'> (0x000000008e9b1848) thrown at [./src/hotspot/share/interpreter/linkResolver.cpp, line 773]
Event: 1704.143 Thread 0x0000020404cac000 Exception <a 'java/lang/NoSuchMethodError'{0x000000008e6969e8}: 'java.lang.Object java.lang.invoke.DirectMethodHandle$Holder.newInvokeSpecial(java.lang.Object, int)'> (0x000000008e6969e8) thrown at [./src/hotspot/share/interpreter/linkResolver.cpp, line 773]
Event: 1732.732 Thread 0x0000020404cb5800 Exception <a 'java/lang/NoSuchMethodError'{0x000000008da067c8}: 'int java.lang.invoke.DirectMethodHandle$Holder.invokeInterface(java.lang.Object, java.lang.Object, int)'> (0x000000008da067c8) thrown at [./src/hotspot/share/interpreter/linkResolver.cpp, line 773]
Event: 1741.824 Thread 0x0000020404cb5800 Exception <a 'java/lang/NoSuchMethodError'{0x000000008f102e58}: 'java.lang.Object java.lang.invoke.Invokers$Holder.linkToTargetMethod(java.lang.Object, int, java.lang.Object, java.lang.Object, java.lang.Object, java.lang.Object)'> (0x000000008f102e58) thrown at [./src/hotspot/share/interpreter/linkResolver.cpp, line 773]
Event: 1741.876 Thread 0x0000020404cb5800 Exception <a 'java/lang/NoSuchMethodError'{0x000000008f10fc70}: 'java.lang.Object java.lang.invoke.DirectMethodHandle$Holder.invokeStatic(java.lang.Object, java.lang.Object, java.lang.Object, java.lang.Object, int, java.lang.Object, java.lang.Object)'> (0x000000008f10fc70) thrown at [./src/hotspot/share/interpreter/linkResolver.cpp, line 773]
Event: 1741.879 Thread 0x0000020404cb5800 Exception <a 'java/lang/NoSuchMethodError'{0x000000008f117768}: 'java.lang.Object java.lang.invoke.Invokers$Holder.linkToTargetMethod(java.lang.Object, java.lang.Object, java.lang.Object, int, java.lang.Object, java.lang.Object, java.lang.Object)'> (0x000000008f117768) thrown at [./src/hotspot/share/interpreter/linkResolver.cpp, line 773]
Event: 1741.890 Thread 0x0000020404cb5800 Exception <a 'java/lang/NoSuchMethodError'{0x000000008f12c828}: 'void java.lang.invoke.DirectMethodHandle$Holder.invokeStatic(java.lang.Object, java.lang.Object, java.lang.Object, java.lang.Object, java.lang.Object, java.lang.Object, java.lang.Object, java.lang.Object)'> (0x000000008f12c828) thrown at [./src/hotspot/share/interpreter/linkResolver.cpp, line 773]
Event: 1744.588 Thread 0x0000020404cb5800 Exception <a 'java/lang/IncompatibleClassChangeError'{0x000000008df15b10}: Found class java.lang.Object, but interface was expected> (0x000000008df15b10) thrown at [./src/hotspot/share/interpreter/linkResolver.cpp, line 839]
Event: 1770.919 Thread 0x0000020404cb5800 Exception <a 'java/lang/NoSuchMethodError'{0x000000008ebc8258}: 'void java.lang.invoke.DirectMethodHandle$Holder.invokeSpecial(java.lang.Object, java.lang.Object, int)'> (0x000000008ebc8258) thrown at [./src/hotspot/share/interpreter/linkResolver.cpp, line 773]
Event: 1772.768 Thread 0x0000020404cb5800 Exception <a 'sun/nio/fs/WindowsException'{0x000000008e4f7990}> (0x000000008e4f7990) thrown at [./src/hotspot/share/prims/jni.cpp, line 615]
Event: 1785.636 Thread 0x0000020404cb5800 Exception <a 'sun/nio/fs/WindowsException'{0x000000008cdce5d8}> (0x000000008cdce5d8) thrown at [./src/hotspot/share/prims/jni.cpp, line 615]
Event: 1790.277 Thread 0x0000020404cb5800 Implicit null exception at 0x0000020474d6ab87 to 0x0000020474d6b3b4
Event: 1795.176 Thread 0x0000020404cb5800 Exception <a 'sun/nio/fs/WindowsException'{0x000000008e3ba1a0}> (0x000000008e3ba1a0) thrown at [./src/hotspot/share/prims/jni.cpp, line 615]
Event: 1833.202 Thread 0x0000020404cb5800 Exception <a 'sun/nio/fs/WindowsException'{0x000000008ddf4da0}> (0x000000008ddf4da0) thrown at [./src/hotspot/share/prims/jni.cpp, line 615]
Event: 1870.719 Thread 0x0000020404cb5800 Implicit null exception at 0x0000020474cfdf95 to 0x0000020474cfe2d0
Event: 1900.840 Thread 0x0000020404cac000 Exception <a 'sun/nio/fs/WindowsException'{0x00000000972b4830}> (0x00000000972b4830) thrown at [./src/hotspot/share/prims/jni.cpp, line 615]

Events (20 events):
Event: 1890.256 loading class com/android/tools/r8/graph/U$d
Event: 1890.256 loading class com/android/tools/r8/graph/U$d done
Event: 1890.256 loading class com/android/tools/r8/graph/U$d
Event: 1890.256 loading class com/android/tools/r8/graph/U$d done
Event: 1890.435 loading class com/android/tools/r8/graph/U$d
Event: 1890.435 loading class com/android/tools/r8/graph/U$d done
Event: 1890.435 loading class com/android/tools/r8/graph/U$d
Event: 1890.435 loading class com/android/tools/r8/graph/U$d done
Event: 1890.440 loading class com/android/tools/r8/graph/U$d
Event: 1890.440 loading class com/android/tools/r8/graph/U$d done
Event: 1895.962 Executing VM operation: G1CollectForAllocation
Event: 1896.856 Executing VM operation: G1CollectForAllocation done
Event: 1898.423 Executing VM operation: G1CollectForAllocation
Event: 1898.481 Executing VM operation: G1CollectForAllocation done
Event: 1901.024 Executing VM operation: G1CollectForAllocation
Event: 1901.067 Executing VM operation: G1CollectForAllocation done
Event: 1904.168 Executing VM operation: G1CollectForAllocation
Event: 1904.376 Executing VM operation: G1CollectForAllocation done
Event: 1907.443 Executing VM operation: G1CollectForAllocation
Event: 1907.655 Executing VM operation: G1CollectForAllocation done


Dynamic libraries:
0x00007ff6b2cd0000 - 0x00007ff6b2cda000 	C:\Program Files\Android\Android Studio\jre\bin\java.exe
0x00007ffc86630000 - 0x00007ffc86828000 	C:\WINDOWS\SYSTEM32\ntdll.dll
0x00007ffc86450000 - 0x00007ffc8650f000 	C:\WINDOWS\System32\KERNEL32.DLL
0x00007ffc83d20000 - 0x00007ffc83ff2000 	C:\WINDOWS\System32\KERNELBASE.dll
0x00007ffc84240000 - 0x00007ffc84340000 	C:\WINDOWS\System32\ucrtbase.dll
0x00007ffc7ba30000 - 0x00007ffc7ba49000 	C:\Program Files\Android\Android Studio\jre\bin\jli.dll
0x00007ffc85f70000 - 0x00007ffc86111000 	C:\WINDOWS\System32\USER32.dll
0x00007ffc84210000 - 0x00007ffc84232000 	C:\WINDOWS\System32\win32u.dll
0x00007ffc85a20000 - 0x00007ffc85a4b000 	C:\WINDOWS\System32\GDI32.dll
0x00007ffc84420000 - 0x00007ffc8452f000 	C:\WINDOWS\System32\gdi32full.dll
0x00007ffc845d0000 - 0x00007ffc8466d000 	C:\WINDOWS\System32\msvcp_win.dll
0x00007ffc7ba10000 - 0x00007ffc7ba27000 	C:\Program Files\Android\Android Studio\jre\bin\VCRUNTIME140.dll
0x00007ffc71620000 - 0x00007ffc718ba000 	C:\WINDOWS\WinSxS\amd64_microsoft.windows.common-controls_6595b64144ccf1df_6.0.19041.1110_none_60b5254171f9507e\COMCTL32.dll
0x00007ffc85150000 - 0x00007ffc851ee000 	C:\WINDOWS\System32\msvcrt.dll
0x00007ffc85a50000 - 0x00007ffc85a82000 	C:\WINDOWS\System32\IMM32.DLL
0x00007ffc47da0000 - 0x00007ffc47e3d000 	C:\Program Files\Android\Android Studio\jre\bin\msvcp140.dll
0x00007ffc127e0000 - 0x00007ffc132c5000 	C:\Program Files\Android\Android Studio\jre\bin\server\jvm.dll
0x00007ffc84d40000 - 0x00007ffc84dee000 	C:\WINDOWS\System32\ADVAPI32.dll
0x00007ffc85050000 - 0x00007ffc850ec000 	C:\WINDOWS\System32\sechost.dll
0x00007ffc84ae0000 - 0x00007ffc84c05000 	C:\WINDOWS\System32\RPCRT4.dll
0x00007ffc84c90000 - 0x00007ffc84c98000 	C:\WINDOWS\System32\PSAPI.DLL
0x00007ffc82470000 - 0x00007ffc8247a000 	C:\WINDOWS\SYSTEM32\VERSION.dll
0x00007ffc65350000 - 0x00007ffc65377000 	C:\WINDOWS\SYSTEM32\WINMM.dll
0x00007ffc5f990000 - 0x00007ffc5f999000 	C:\WINDOWS\SYSTEM32\WSOCK32.dll
0x00007ffc84ea0000 - 0x00007ffc84f0b000 	C:\WINDOWS\System32\WS2_32.dll
0x00007ffc825c0000 - 0x00007ffc825d2000 	C:\WINDOWS\SYSTEM32\kernel.appcore.dll
0x00007ffc7f210000 - 0x00007ffc7f221000 	C:\Program Files\Android\Android Studio\jre\bin\verify.dll
0x00007ffc81150000 - 0x00007ffc81334000 	C:\WINDOWS\SYSTEM32\DBGHELP.DLL
0x00007ffc6f850000 - 0x00007ffc6f885000 	C:\WINDOWS\SYSTEM32\dbgcore.DLL
0x00007ffc84390000 - 0x00007ffc84412000 	C:\WINDOWS\System32\bcryptPrimitives.dll
0x00007ffc7bd80000 - 0x00007ffc7bda9000 	C:\Program Files\Android\Android Studio\jre\bin\java.dll
0x00007ffc82460000 - 0x00007ffc8246b000 	C:\Program Files\Android\Android Studio\jre\bin\jimage.dll
0x00007ffc7cd00000 - 0x00007ffc7cd18000 	C:\Program Files\Android\Android Studio\jre\bin\zip.dll
0x00007ffc851f0000 - 0x00007ffc85934000 	C:\WINDOWS\System32\SHELL32.dll
0x00007ffc81a70000 - 0x00007ffc82202000 	C:\WINDOWS\SYSTEM32\windows.storage.dll
0x00007ffc85c10000 - 0x00007ffc85f65000 	C:\WINDOWS\System32\combase.dll
0x00007ffc83710000 - 0x00007ffc83740000 	C:\WINDOWS\SYSTEM32\Wldp.dll
0x00007ffc861f0000 - 0x00007ffc8629d000 	C:\WINDOWS\System32\SHCORE.dll
0x00007ffc850f0000 - 0x00007ffc85145000 	C:\WINDOWS\System32\shlwapi.dll
0x00007ffc83c60000 - 0x00007ffc83c7f000 	C:\WINDOWS\SYSTEM32\profapi.dll
0x00007ffc7bb10000 - 0x00007ffc7bb2a000 	C:\Program Files\Android\Android Studio\jre\bin\net.dll
0x00007ffc751a0000 - 0x00007ffc752ac000 	C:\WINDOWS\SYSTEM32\WINHTTP.dll
0x00007ffc83400000 - 0x00007ffc8346a000 	C:\WINDOWS\system32\mswsock.dll
0x00007ffc7baf0000 - 0x00007ffc7bb04000 	C:\Program Files\Android\Android Studio\jre\bin\nio.dll
0x00007ffc5a4f0000 - 0x00007ffc5a517000 	C:\Users\paolo\.gradle\native\e1d6ef7f7dcc3fd88c89a11ec53ec762bb8ba0a96d01ffa2cd45eb1d1d8dd5c5\windows-amd64\native-platform.dll
0x00007ffc47720000 - 0x00007ffc47864000 	C:\Users\paolo\.gradle\native\5664cfc778a61ccfe75a443a1ab52a65af34e5dc3c78e0209fed803814484fcb\windows-amd64\native-platform-file-events.dll
0x00007ffc823a0000 - 0x00007ffc823aa000 	C:\Program Files\Android\Android Studio\jre\bin\management.dll
0x00007ffc81a30000 - 0x00007ffc81a3d000 	C:\Program Files\Android\Android Studio\jre\bin\management_ext.dll
0x00007ffc835f0000 - 0x00007ffc83608000 	C:\WINDOWS\SYSTEM32\CRYPTSP.dll
0x00007ffc82d20000 - 0x00007ffc82d54000 	C:\WINDOWS\system32\rsaenh.dll
0x00007ffc84530000 - 0x00007ffc84557000 	C:\WINDOWS\System32\bcrypt.dll
0x00007ffc83be0000 - 0x00007ffc83c0e000 	C:\WINDOWS\SYSTEM32\USERENV.dll
0x00007ffc83610000 - 0x00007ffc8361c000 	C:\WINDOWS\SYSTEM32\CRYPTBASE.dll
0x00007ffc830f0000 - 0x00007ffc8312b000 	C:\WINDOWS\SYSTEM32\IPHLPAPI.DLL
0x00007ffc84ca0000 - 0x00007ffc84ca8000 	C:\WINDOWS\System32\NSI.dll
0x00007ffc74b70000 - 0x00007ffc74b87000 	C:\WINDOWS\SYSTEM32\dhcpcsvc6.DLL
0x00007ffc74c90000 - 0x00007ffc74cad000 	C:\WINDOWS\SYSTEM32\dhcpcsvc.DLL
0x00007ffc83130000 - 0x00007ffc831fa000 	C:\WINDOWS\SYSTEM32\DNSAPI.dll
0x00007ffc61b10000 - 0x00007ffc61b37000 	C:\Program Files\Android\Android Studio\jre\bin\sunec.dll
0x00007ffc72f80000 - 0x00007ffc72f8a000 	C:\Windows\System32\rasadhlp.dll
0x00007ffc73800000 - 0x00007ffc73880000 	C:\WINDOWS\System32\fwpuclnt.dll
0x00007ffc82e40000 - 0x00007ffc82e73000 	C:\WINDOWS\SYSTEM32\ntmarta.dll

dbghelp: loaded successfully - version: 4.0.5 - missing functions: none
symbol engine: initialized successfully - sym options: 0x614 - pdb path: .;C:\Program Files\Android\Android Studio\jre\bin;C:\WINDOWS\SYSTEM32;C:\WINDOWS\WinSxS\amd64_microsoft.windows.common-controls_6595b64144ccf1df_6.0.19041.1110_none_60b5254171f9507e;C:\Program Files\Android\Android Studio\jre\bin\server;C:\Users\paolo\.gradle\native\e1d6ef7f7dcc3fd88c89a11ec53ec762bb8ba0a96d01ffa2cd45eb1d1d8dd5c5\windows-amd64;C:\Users\paolo\.gradle\native\5664cfc778a61ccfe75a443a1ab52a65af34e5dc3c78e0209fed803814484fcb\windows-amd64

VM Arguments:
jvm_args: --add-opens=java.base/java.util=ALL-UNNAMED --add-opens=java.base/java.lang=ALL-UNNAMED --add-opens=java.base/java.lang.invoke=ALL-UNNAMED --add-opens=java.base/java.util=ALL-UNNAMED --add-opens=java.prefs/java.util.prefs=ALL-UNNAMED --add-opens=java.prefs/java.util.prefs=ALL-UNNAMED --add-opens=java.base/java.nio.charset=ALL-UNNAMED --add-opens=java.base/java.net=ALL-UNNAMED --add-opens=java.base/java.util.concurrent.atomic=ALL-UNNAMED -Xmx2048m -Dfile.encoding=UTF-8 -Duser.country=MX -Duser.language=es -Duser.variant 
java_command: org.gradle.launcher.daemon.bootstrap.GradleDaemon 7.3.3
java_class_path (initial): C:\Users\paolo\.gradle\wrapper\dists\gradle-7.3.3-bin\6a41zxkdtcxs8rphpq6y0069z\gradle-7.3.3\lib\gradle-launcher-7.3.3.jar
Launcher Type: SUN_STANDARD

[Global flags]
     intx CICompilerCount                          = 2                                         {product} {ergonomic}
     uint ConcGCThreads                            = 1                                         {product} {ergonomic}
     uint G1ConcRefinementThreads                  = 2                                         {product} {ergonomic}
   size_t G1HeapRegionSize                         = 1048576                                   {product} {ergonomic}
    uintx GCDrainStackTargetSize                   = 64                                        {product} {ergonomic}
   size_t InitialHeapSize                          = 65011712                                  {product} {ergonomic}
   size_t MarkStackSize                            = 4194304                                   {product} {ergonomic}
   size_t MaxHeapSize                              = 2147483648                                {product} {command line}
   size_t MaxNewSize                               = 1287651328                                {product} {ergonomic}
   size_t MinHeapDeltaBytes                        = 1048576                                   {product} {ergonomic}
    uintx NonNMethodCodeHeapSize                   = 5825164                                {pd product} {ergonomic}
    uintx NonProfiledCodeHeapSize                  = 122916538                              {pd product} {ergonomic}
    uintx ProfiledCodeHeapSize                     = 122916538                              {pd product} {ergonomic}
    uintx ReservedCodeCacheSize                    = 251658240                              {pd product} {ergonomic}
     bool SegmentedCodeCache                       = true                                      {product} {ergonomic}
     bool UseCompressedClassPointers               = true                                 {lp64_product} {ergonomic}
     bool UseCompressedOops                        = true                                 {lp64_product} {ergonomic}
     bool UseG1GC                                  = true                                      {product} {ergonomic}
     bool UseLargePagesIndividualAllocation        = false                                  {pd product} {ergonomic}

Logging:
Log output configuration:
 #0: stdout all=warning uptime,level,tags
 #1: stderr all=off uptime,level,tags

Environment Variables:
PATH=C:\Program Files\Common Files\Oracle\Java\javapath;C:\WINDOWS\system32;C:\WINDOWS;C:\WINDOWS\System32\Wbem;C:\WINDOWS\System32\WindowsPowerShell\v1.0\;C:\WINDOWS\System32\OpenSSH\;C:\Program Files (x86)\Microsoft VS Code\bin;C:\MinGW\bin;C:\Program Files\nodejs\;C:\Program Files\Git\cmd;C:\Ruby27-x64\bin;C:\Users\paolo\AppData\Local\Programs\Python\Python38-32\Scripts\;C:\Users\paolo\AppData\Local\Programs\Python\Python38-32\;C:\Users\paolo\AppData\Local\Microsoft\WindowsApps;C:\MinGW\bin;C:\Users\paolo\AppData\Roaming\npm;C:\Users\paolo\AppData\Local\JpegminiPro3\
USERNAME=paolo
OS=Windows_NT
PROCESSOR_IDENTIFIER=Intel64 Family 6 Model 122 Stepping 1, GenuineIntel



---------------  S Y S T E M  ---------------

OS: Windows 10 , 64 bit Build 19041 (10.0.19041.2364)
OS uptime: 6 days 2:10 hours

CPU:total 2 (initial active 2) (2 cores per cpu, 1 threads per core) family 6 model 122 stepping 1 microcode 0x36, cmov, cx8, fxsr, mmx, sse, sse2, sse3, ssse3, sse4.1, sse4.2, popcnt, aes, clmul, erms, 3dnowpref, tsc, tscinvbit, sha

Memory: 4k page, system-wide physical 3915M (101M free)
TotalPageFile size 15691M (AvailPageFile size 7M)
current process WorkingSet (physical memory assigned to process): 163M, peak: 394M
current process commit charge ("private bytes"): 810M, peak: 1144M

vm_info: OpenJDK 64-Bit Server VM (11.0.12+7-b1504.28-7817840) for windows-amd64 JRE (11.0.12+7-b1504.28-7817840), built on Oct 13 2021 22:12:33 by "builder" with MS VC++ 14.0 (VS2015)

END.
